<?xml version="1.0" encoding="UTF-8"?>
<testsuite name="com.example.deusto_hotel.unit.ProxyTest" tests="32" skipped="0" failures="0" errors="0" timestamp="2026-04-28T16:00:06.749Z" hostname="ibai-B550M-K" time="0.296">
  <properties/>
  <testcase name="getRoomBookingByClientIdError()" classname="com.example.deusto_hotel.unit.ProxyTest" time="0.164"/>
  <testcase name="login_error_correoIncorrecto()" classname="com.example.deusto_hotel.unit.ProxyTest" time="0.003"/>
  <testcase name="login_error_sinMensajeBackend()" classname="com.example.deusto_hotel.unit.ProxyTest" time="0.001"/>
  <testcase name="shouldRegisterUserSuccessfully()" classname="com.example.deusto_hotel.unit.ProxyTest" time="0.004"/>
  <testcase name="getCourtsWeeklyAvailability_exito()" classname="com.example.deusto_hotel.unit.ProxyTest" time="0.035"/>
  <testcase name="getCourts_exito_sinFiltro()" classname="com.example.deusto_hotel.unit.ProxyTest" time="0.003"/>
  <testcase name="testGetHabitacionesDisponibles_Exito()" classname="com.example.deusto_hotel.unit.ProxyTest" time="0.004"/>
  <testcase name="crearHabitacionError()" classname="com.example.deusto_hotel.unit.ProxyTest" time="0.005"/>
  <testcase name="getCourtsAvailable_exito()" classname="com.example.deusto_hotel.unit.ProxyTest" time="0.005"/>
  <testcase name="getCourtsAvailable_sinParametros()" classname="com.example.deusto_hotel.unit.ProxyTest" time="0.002"/>
  <testcase name="login_error_bodyIsNull()" classname="com.example.deusto_hotel.unit.ProxyTest" time="0.002"/>
  <testcase name="login_error_contrasenaIncorrecta()" classname="com.example.deusto_hotel.unit.ProxyTest" time="0.001"/>
  <testcase name="crearReserva_error()" classname="com.example.deusto_hotel.unit.ProxyTest" time="0.003"/>
  <testcase name="crearReserva_exito()" classname="com.example.deusto_hotel.unit.ProxyTest" time="0.004"/>
  <testcase name="login_error_usuarioNullField()" classname="com.example.deusto_hotel.unit.ProxyTest" time="0.003"/>
  <testcase name="shouldNotRegisterUserIfEmailAlreadyExists()" classname="com.example.deusto_hotel.unit.ProxyTest" time="0.005"/>
  <testcase name="getCourtBookingsByClientIdSuccessfully()" classname="com.example.deusto_hotel.unit.ProxyTest" time="0.006"/>
  <testcase name="testGetHabitacionesDisponibles_ErrorServidor()" classname="com.example.deusto_hotel.unit.ProxyTest" time="0.002"/>
  <testcase name="getCourtsWeeklyAvailability_conFiltroTipo()" classname="com.example.deusto_hotel.unit.ProxyTest" time="0.005"/>
  <testcase name="getCourtBookingsByClientIdError()" classname="com.example.deusto_hotel.unit.ProxyTest" time="0.002"/>
  <testcase name="deleteRoomBooking_error()" classname="com.example.deusto_hotel.unit.ProxyTest" time="0.002"/>
  <testcase name="deleteRoomBooking_exito()" classname="com.example.deusto_hotel.unit.ProxyTest" time="0.001"/>
  <testcase name="createCourtBooking_error()" classname="com.example.deusto_hotel.unit.ProxyTest" time="0.003"/>
  <testcase name="createCourtBooking_exito()" classname="com.example.deusto_hotel.unit.ProxyTest" time="0.002"/>
  <testcase name="login_error_statusBelow200()" classname="com.example.deusto_hotel.unit.ProxyTest" time="0.001"/>
  <testcase name="deleteCourtBooking_error()" classname="com.example.deusto_hotel.unit.ProxyTest" time="0.001"/>
  <testcase name="deleteCourtBooking_exito()" classname="com.example.deusto_hotel.unit.ProxyTest" time="0.001"/>
  <testcase name="getCourts_exito_conFiltroTipo()" classname="com.example.deusto_hotel.unit.ProxyTest" time="0.003"/>
  <testcase name="crearHabitacionSuccessfully()" classname="com.example.deusto_hotel.unit.ProxyTest" time="0.003"/>
  <testcase name="getRoomBookingByClientIdSuccessfully()" classname="com.example.deusto_hotel.unit.ProxyTest" time="0.005"/>
  <testcase name="login_exito()" classname="com.example.deusto_hotel.unit.ProxyTest" time="0.005"/>
  <testcase name="login_error_respuestaSinUsuario()" classname="com.example.deusto_hotel.unit.ProxyTest" time="0.002"/>
  <system-out><![CDATA[2026-04-28T18:00:06.905+02:00  INFO 27820 --- [deusto_hotel_clienbt_proxy] [    Test worker] com.example.deusto_hotel.proxy.Proxy     : Obteniendo reservas de habitaciones para clienteId: 1
REQUEST RECIBIDA DESDE CONTROLLER: RoomRequest[numero=777, tipo=SUITE, capacidad=2, precioPorNoche=200.0]
RESPONSE DEL SERVIDOR: 400 - Error creando habitación
2026-04-28T18:00:07.001+02:00  INFO 27820 --- [deusto_hotel_clienbt_proxy] [    Test worker] com.example.deusto_hotel.proxy.Proxy     : Obteniendo reservas de pistas para clienteId: 1
2026-04-28T18:00:07.014+02:00  INFO 27820 --- [deusto_hotel_clienbt_proxy] [    Test worker] com.example.deusto_hotel.proxy.Proxy     : Obteniendo reservas de pistas para clienteId: 1
REQUEST RECIBIDA DESDE CONTROLLER: RoomRequest[numero=777, tipo=SUITE, capacidad=2, precioPorNoche=200.0]
RESPONSE DEL SERVIDOR: 201 - OK
2026-04-28T18:00:07.032+02:00  INFO 27820 --- [deusto_hotel_clienbt_proxy] [    Test worker] com.example.deusto_hotel.proxy.Proxy     : Habitación creada exitosamente: OK
2026-04-28T18:00:07.034+02:00  INFO 27820 --- [deusto_hotel_clienbt_proxy] [    Test worker] com.example.deusto_hotel.proxy.Proxy     : Obteniendo reservas de habitaciones para clienteId: 1
]]></system-out>
  <system-err><![CDATA[]]></system-err>
</testsuite>
