<?xml version="1.0" encoding="UTF-8"?>
<testsuite name="com.example.deusto_hotel.unit.controller.CourtBookingControllerTest" tests="4" skipped="0" failures="0" errors="0" timestamp="2026-04-28T15:59:25.340Z" hostname="ibai-B550M-K" time="2.261">
  <properties/>
  <testcase name="testGetByClienteId()" classname="com.example.deusto_hotel.unit.controller.CourtBookingControllerTest" time="2.045"/>
  <testcase name="testCreate()" classname="com.example.deusto_hotel.unit.controller.CourtBookingControllerTest" time="0.167"/>
  <testcase name="testDelete()" classname="com.example.deusto_hotel.unit.controller.CourtBookingControllerTest" time="0.015"/>
  <testcase name="testUpdate()" classname="com.example.deusto_hotel.unit.controller.CourtBookingControllerTest" time="0.022"/>
  <system-out><![CDATA[17:59:26.947 [Test worker] INFO org.hibernate.validator.internal.util.Version -- HV000001: Hibernate Validator 9.0.1.Final
17:59:27.214 [Test worker] INFO org.springframework.mock.web.MockServletContext -- Initializing Spring TestDispatcherServlet ''
17:59:27.216 [Test worker] INFO org.springframework.test.web.servlet.TestDispatcherServlet -- Initializing Servlet ''
17:59:27.218 [Test worker] INFO org.springframework.test.web.servlet.TestDispatcherServlet -- Completed initialization in 1 ms
17:59:27.407 [Test worker] INFO org.springframework.mock.web.MockServletContext -- Initializing Spring TestDispatcherServlet ''
17:59:27.407 [Test worker] INFO org.springframework.test.web.servlet.TestDispatcherServlet -- Initializing Servlet ''
17:59:27.407 [Test worker] INFO org.springframework.test.web.servlet.TestDispatcherServlet -- Completed initialization in 0 ms
17:59:27.572 [Test worker] INFO org.springframework.mock.web.MockServletContext -- Initializing Spring TestDispatcherServlet ''
17:59:27.573 [Test worker] INFO org.springframework.test.web.servlet.TestDispatcherServlet -- Initializing Servlet ''
17:59:27.573 [Test worker] INFO org.springframework.test.web.servlet.TestDispatcherServlet -- Completed initialization in 0 ms
17:59:27.587 [Test worker] INFO org.springframework.mock.web.MockServletContext -- Initializing Spring TestDispatcherServlet ''
17:59:27.587 [Test worker] INFO org.springframework.test.web.servlet.TestDispatcherServlet -- Initializing Servlet ''
17:59:27.587 [Test worker] INFO org.springframework.test.web.servlet.TestDispatcherServlet -- Completed initialization in 0 ms
]]></system-out>
  <system-err><![CDATA[Mockito is currently self-attaching to enable the inline-mock-maker. This will no longer work in future releases of the JDK. Please add Mockito as an agent to your build as described in Mockito's documentation: https://javadoc.io/doc/org.mockito/mockito-core/latest/org.mockito/org/mockito/Mockito.html#0.3
WARNING: A Java agent has been loaded dynamically (/home/ibai/.gradle/caches/modules-2/files-2.1/net.bytebuddy/byte-buddy-agent/1.17.8/f09415827a71be7ed621c7bd02550678f28bc81c/byte-buddy-agent-1.17.8.jar)
WARNING: If a serviceability tool is in use, please run with -XX:+EnableDynamicAgentLoading to hide this warning
WARNING: If a serviceability tool is not in use, please run with -Djdk.instrument.traceUsage for more information
WARNING: Dynamic loading of agents will be disallowed by default in a future release
]]></system-err>
</testsuite>
