<?xml version="1.0" encoding="UTF-8"?>
<testsuite name="com.example.deusto_hotel.unit.controller.RoomControllerTest" tests="5" skipped="0" failures="0" errors="0" timestamp="2026-04-28T15:59:28.755Z" hostname="ibai-B550M-K" time="0.194">
  <properties/>
  <testcase name="createRoom_success()" classname="com.example.deusto_hotel.unit.controller.RoomControllerTest" time="0.031"/>
  <testcase name="createRoom_error_whenAlreadyExists()" classname="com.example.deusto_hotel.unit.controller.RoomControllerTest" time="0.006"/>
  <testcase name="getDisponibles_fecha_entrada_posterior_a_salida_error()" classname="com.example.deusto_hotel.unit.controller.RoomControllerTest" time="0.003"/>
  <testcase name="getDisponibles_fecha_entrada_es_antes_a_now_error()" classname="com.example.deusto_hotel.unit.controller.RoomControllerTest" time="0.003"/>
  <testcase name="getDisponibles_Success()" classname="com.example.deusto_hotel.unit.controller.RoomControllerTest" time="0.008"/>
  <system-out><![CDATA[2026-04-28T17:59:28.757+02:00  INFO 27007 --- [deusto_hotel_server] [    Test worker] t.c.s.AnnotationConfigContextLoaderUtils : Could not detect default configuration classes for test class [com.example.deusto_hotel.unit.controller.RoomControllerTest]: RoomControllerTest does not declare any static, non-private, non-final, nested classes annotated with @Configuration.
2026-04-28T17:59:28.760+02:00  INFO 27007 --- [deusto_hotel_server] [    Test worker] .b.t.c.SpringBootTestContextBootstrapper : Found @SpringBootConfiguration com.example.deusto_hotel.DeustoHotelApplication for test class com.example.deusto_hotel.unit.controller.RoomControllerTest
2026-04-28T17:59:28.760+02:00  INFO 27007 --- [deusto_hotel_server] [    Test worker] t.c.s.AnnotationConfigContextLoaderUtils : Could not detect default configuration classes for test class [com.example.deusto_hotel.unit.controller.RoomControllerTest]: RoomControllerTest does not declare any static, non-private, non-final, nested classes annotated with @Configuration.
2026-04-28T17:59:28.762+02:00  INFO 27007 --- [deusto_hotel_server] [    Test worker] .b.t.c.SpringBootTestContextBootstrapper : Found @SpringBootConfiguration com.example.deusto_hotel.DeustoHotelApplication for test class com.example.deusto_hotel.unit.controller.RoomControllerTest

  .   ____          _            __ _ _
 /\\ / ___'_ __ _ _(_)_ __  __ _ \ \ \ \
( ( )\___ | '_ | '_| | '_ \/ _` | \ \ \ \
 \\/  ___)| |_)| | | | | || (_| |  ) ) ) )
  '  |____| .__|_| |_|_| |_\__, | / / / /
 =========|_|==============|___/=/_/_/_/

 :: Spring Boot ::                (v4.0.4)

2026-04-28T17:59:28.776+02:00  INFO 27007 --- [deusto_hotel_server] [    Test worker] c.e.d.u.controller.RoomControllerTest    : Starting RoomControllerTest using Java 21.0.10 with PID 27007 (started by ibai in /home/ibai/IdeaProjects/DeustoHotel/server)
2026-04-28T17:59:28.776+02:00  INFO 27007 --- [deusto_hotel_server] [    Test worker] c.e.d.u.controller.RoomControllerTest    : No active profile set, falling back to 1 default profile: "default"
2026-04-28T17:59:28.889+02:00  INFO 27007 --- [deusto_hotel_server] [    Test worker] o.s.b.t.m.w.SpringBootMockServletContext : Initializing Spring TestDispatcherServlet ''
2026-04-28T17:59:28.889+02:00  INFO 27007 --- [deusto_hotel_server] [    Test worker] o.s.t.web.servlet.TestDispatcherServlet  : Initializing Servlet ''
2026-04-28T17:59:28.889+02:00  INFO 27007 --- [deusto_hotel_server] [    Test worker] o.s.t.web.servlet.TestDispatcherServlet  : Completed initialization in 0 ms
2026-04-28T17:59:28.893+02:00  INFO 27007 --- [deusto_hotel_server] [    Test worker] c.e.d.u.controller.RoomControllerTest    : Started RoomControllerTest in 0.129 seconds (process running for 4.359)
2026-04-28T17:59:28.914+02:00  INFO 27007 --- [deusto_hotel_server] [    Test worker] c.e.d.controller.RoomController          : Habitación creada: RoomResponse[id=1, numero=101, tipo=SUITE, capacidad=4, precioPorNoche=200.0, estado=null]
]]></system-out>
  <system-err><![CDATA[]]></system-err>
</testsuite>
