<?xml version="1.0" encoding="UTF-8"?>
<testsuite name="com.example.deusto_hotel.unit.controller.CourtControllerTest" tests="7" skipped="0" failures="0" errors="0" timestamp="2026-04-28T15:59:27.607Z" hostname="ibai-B550M-K" time="0.901">
  <properties/>
  <testcase name="testGetWeeklyAvailability_ConTipoInvalido()" classname="com.example.deusto_hotel.unit.controller.CourtControllerTest" time="0.025"/>
  <testcase name="testGetWeeklyAvailability_SinTipo()" classname="com.example.deusto_hotel.unit.controller.CourtControllerTest" time="0.005"/>
  <testcase name="testGetWeeklyAvailability_ExitoConTipoValido()" classname="com.example.deusto_hotel.unit.controller.CourtControllerTest" time="0.003"/>
  <testcase name="testGetAvailableCourts_ConTipoYFecha()" classname="com.example.deusto_hotel.unit.controller.CourtControllerTest" time="0.008"/>
  <testcase name="testGetAvailableCourts_SoloConFecha()" classname="com.example.deusto_hotel.unit.controller.CourtControllerTest" time="0.004"/>
  <testcase name="testGetAvailableCourts_SinParametros()" classname="com.example.deusto_hotel.unit.controller.CourtControllerTest" time="0.003"/>
  <testcase name="testGetAvailableCourts_SoloConTipoYSemana()" classname="com.example.deusto_hotel.unit.controller.CourtControllerTest" time="0.003"/>
  <system-out><![CDATA[17:59:27.638 [Test worker] INFO org.springframework.test.context.support.AnnotationConfigContextLoaderUtils -- Could not detect default configuration classes for test class [com.example.deusto_hotel.unit.controller.CourtControllerTest]: CourtControllerTest does not declare any static, non-private, non-final, nested classes annotated with @Configuration.
17:59:27.711 [Test worker] INFO org.springframework.boot.test.context.SpringBootTestContextBootstrapper -- Found @SpringBootConfiguration com.example.deusto_hotel.DeustoHotelApplication for test class com.example.deusto_hotel.unit.controller.CourtControllerTest
17:59:27.712 [Test worker] INFO org.springframework.test.context.support.AnnotationConfigContextLoaderUtils -- Could not detect default configuration classes for test class [com.example.deusto_hotel.unit.controller.CourtControllerTest]: CourtControllerTest does not declare any static, non-private, non-final, nested classes annotated with @Configuration.
17:59:27.717 [Test worker] INFO org.springframework.boot.test.context.SpringBootTestContextBootstrapper -- Found @SpringBootConfiguration com.example.deusto_hotel.DeustoHotelApplication for test class com.example.deusto_hotel.unit.controller.CourtControllerTest

  .   ____          _            __ _ _
 /\\ / ___'_ __ _ _(_)_ __  __ _ \ \ \ \
( ( )\___ | '_ | '_| | '_ \/ _` | \ \ \ \
 \\/  ___)| |_)| | | | | || (_| |  ) ) ) )
  '  |____| .__|_| |_|_| |_\__, | / / / /
 =========|_|==============|___/=/_/_/_/

 :: Spring Boot ::                (v4.0.4)

2026-04-28T17:59:27.957+02:00  INFO 27007 --- [deusto_hotel_server] [    Test worker] c.e.d.u.controller.CourtControllerTest   : Starting CourtControllerTest using Java 21.0.10 with PID 27007 (started by ibai in /home/ibai/IdeaProjects/DeustoHotel/server)
2026-04-28T17:59:27.958+02:00  INFO 27007 --- [deusto_hotel_server] [    Test worker] c.e.d.u.controller.CourtControllerTest   : No active profile set, falling back to 1 default profile: "default"
2026-04-28T17:59:28.433+02:00  INFO 27007 --- [deusto_hotel_server] [    Test worker] o.s.b.t.m.w.SpringBootMockServletContext : Initializing Spring TestDispatcherServlet ''
2026-04-28T17:59:28.434+02:00  INFO 27007 --- [deusto_hotel_server] [    Test worker] o.s.t.web.servlet.TestDispatcherServlet  : Initializing Servlet ''
2026-04-28T17:59:28.435+02:00  INFO 27007 --- [deusto_hotel_server] [    Test worker] o.s.t.web.servlet.TestDispatcherServlet  : Completed initialization in 1 ms
2026-04-28T17:59:28.447+02:00  INFO 27007 --- [deusto_hotel_server] [    Test worker] c.e.d.u.controller.CourtControllerTest   : Started CourtControllerTest in 0.691 seconds (process running for 3.913)
]]></system-out>
  <system-err><![CDATA[]]></system-err>
</testsuite>
