<?xml version="1.0" encoding="UTF-8"?>
<testsuite name="com.example.deusto_hotel.unit.controller.UserControllerTest2" tests="9" skipped="0" failures="0" errors="0" timestamp="2026-04-28T15:59:28.987Z" hostname="ibai-B550M-K" time="0.165">
  <properties/>
  <testcase name="testLogin_ContrasenaNull()" classname="com.example.deusto_hotel.unit.controller.UserControllerTest2" time="0.006"/>
  <testcase name="testLogin_UsuarioNoEncontrado()" classname="com.example.deusto_hotel.unit.controller.UserControllerTest2" time="0.005"/>
  <testcase name="testLogin_Success()" classname="com.example.deusto_hotel.unit.controller.UserControllerTest2" time="0.009"/>
  <testcase name="testLogin_ContrasenaVacia()" classname="com.example.deusto_hotel.unit.controller.UserControllerTest2" time="0.003"/>
  <testcase name="testLogin_CorreoNull()" classname="com.example.deusto_hotel.unit.controller.UserControllerTest2" time="0.002"/>
  <testcase name="testRegistrarUsuario_Success()" classname="com.example.deusto_hotel.unit.controller.UserControllerTest2" time="0.007"/>
  <testcase name="testLogin_CredencialesInvalidas()" classname="com.example.deusto_hotel.unit.controller.UserControllerTest2" time="0.003"/>
  <testcase name="testLogin_UsuarioBloqueado()" classname="com.example.deusto_hotel.unit.controller.UserControllerTest2" time="0.004"/>
  <testcase name="testLogin_CorreoVacio()" classname="com.example.deusto_hotel.unit.controller.UserControllerTest2" time="0.002"/>
  <system-out><![CDATA[2026-04-28T17:59:28.989+02:00  INFO 27007 --- [deusto_hotel_server] [    Test worker] t.c.s.AnnotationConfigContextLoaderUtils : Could not detect default configuration classes for test class [com.example.deusto_hotel.unit.controller.UserControllerTest2]: UserControllerTest2 does not declare any static, non-private, non-final, nested classes annotated with @Configuration.
2026-04-28T17:59:28.992+02:00  INFO 27007 --- [deusto_hotel_server] [    Test worker] .b.t.c.SpringBootTestContextBootstrapper : Found @SpringBootConfiguration com.example.deusto_hotel.DeustoHotelApplication for test class com.example.deusto_hotel.unit.controller.UserControllerTest2
2026-04-28T17:59:28.992+02:00  INFO 27007 --- [deusto_hotel_server] [    Test worker] t.c.s.AnnotationConfigContextLoaderUtils : Could not detect default configuration classes for test class [com.example.deusto_hotel.unit.controller.UserControllerTest2]: UserControllerTest2 does not declare any static, non-private, non-final, nested classes annotated with @Configuration.
2026-04-28T17:59:28.994+02:00  INFO 27007 --- [deusto_hotel_server] [    Test worker] .b.t.c.SpringBootTestContextBootstrapper : Found @SpringBootConfiguration com.example.deusto_hotel.DeustoHotelApplication for test class com.example.deusto_hotel.unit.controller.UserControllerTest2

  .   ____          _            __ _ _
 /\\ / ___'_ __ _ _(_)_ __  __ _ \ \ \ \
( ( )\___ | '_ | '_| | '_ \/ _` | \ \ \ \
 \\/  ___)| |_)| | | | | || (_| |  ) ) ) )
  '  |____| .__|_| |_|_| |_\__, | / / / /
 =========|_|==============|___/=/_/_/_/

 :: Spring Boot ::                (v4.0.4)

2026-04-28T17:59:29.007+02:00  INFO 27007 --- [deusto_hotel_server] [    Test worker] c.e.d.u.controller.UserControllerTest2   : Starting UserControllerTest2 using Java 21.0.10 with PID 27007 (started by ibai in /home/ibai/IdeaProjects/DeustoHotel/server)
2026-04-28T17:59:29.007+02:00  INFO 27007 --- [deusto_hotel_server] [    Test worker] c.e.d.u.controller.UserControllerTest2   : No active profile set, falling back to 1 default profile: "default"
2026-04-28T17:59:29.097+02:00  INFO 27007 --- [deusto_hotel_server] [    Test worker] o.s.b.t.m.w.SpringBootMockServletContext : Initializing Spring TestDispatcherServlet ''
2026-04-28T17:59:29.098+02:00  INFO 27007 --- [deusto_hotel_server] [    Test worker] o.s.t.web.servlet.TestDispatcherServlet  : Initializing Servlet ''
2026-04-28T17:59:29.098+02:00  INFO 27007 --- [deusto_hotel_server] [    Test worker] o.s.t.web.servlet.TestDispatcherServlet  : Completed initialization in 0 ms
2026-04-28T17:59:29.102+02:00  INFO 27007 --- [deusto_hotel_server] [    Test worker] c.e.d.u.controller.UserControllerTest2   : Started UserControllerTest2 in 0.106 seconds (process running for 4.567)
]]></system-out>
  <system-err><![CDATA[]]></system-err>
</testsuite>
