<?xml version="1.0" encoding="UTF-8"?>
<testsuite name="com.example.deusto_hotel.unit.controller.RoomBookingControllerTest" tests="6" skipped="0" failures="0" errors="0" timestamp="2026-04-28T15:59:28.511Z" hostname="ibai-B550M-K" time="0.243">
  <properties/>
  <testcase name="delete_success()" classname="com.example.deusto_hotel.unit.controller.RoomBookingControllerTest" time="0.006"/>
  <testcase name="create_ShouldReturnBadRequest_WhenValidationFails()" classname="com.example.deusto_hotel.unit.controller.RoomBookingControllerTest" time="0.051"/>
  <testcase name="create_ShouldReturnCreated_WhenRequestIsValid()" classname="com.example.deusto_hotel.unit.controller.RoomBookingControllerTest" time="0.004"/>
  <testcase name="delete_unauthorized_whenNoUser()" classname="com.example.deusto_hotel.unit.controller.RoomBookingControllerTest" time="0.004"/>
  <testcase name="delete_notFound()" classname="com.example.deusto_hotel.unit.controller.RoomBookingControllerTest" time="0.004"/>
  <testcase name="create_ShouldReturnNotFound_WhenServiceThrowsException()" classname="com.example.deusto_hotel.unit.controller.RoomBookingControllerTest" time="0.004"/>
  <system-out><![CDATA[2026-04-28T17:59:28.513+02:00  INFO 27007 --- [deusto_hotel_server] [    Test worker] t.c.s.AnnotationConfigContextLoaderUtils : Could not detect default configuration classes for test class [com.example.deusto_hotel.unit.controller.RoomBookingControllerTest]: RoomBookingControllerTest does not declare any static, non-private, non-final, nested classes annotated with @Configuration.
2026-04-28T17:59:28.516+02:00  INFO 27007 --- [deusto_hotel_server] [    Test worker] .b.t.c.SpringBootTestContextBootstrapper : Found @SpringBootConfiguration com.example.deusto_hotel.DeustoHotelApplication for test class com.example.deusto_hotel.unit.controller.RoomBookingControllerTest
2026-04-28T17:59:28.516+02:00  INFO 27007 --- [deusto_hotel_server] [    Test worker] t.c.s.AnnotationConfigContextLoaderUtils : Could not detect default configuration classes for test class [com.example.deusto_hotel.unit.controller.RoomBookingControllerTest]: RoomBookingControllerTest does not declare any static, non-private, non-final, nested classes annotated with @Configuration.
2026-04-28T17:59:28.519+02:00  INFO 27007 --- [deusto_hotel_server] [    Test worker] .b.t.c.SpringBootTestContextBootstrapper : Found @SpringBootConfiguration com.example.deusto_hotel.DeustoHotelApplication for test class com.example.deusto_hotel.unit.controller.RoomBookingControllerTest

  .   ____          _            __ _ _
 /\\ / ___'_ __ _ _(_)_ __  __ _ \ \ \ \
( ( )\___ | '_ | '_| | '_ \/ _` | \ \ \ \
 \\/  ___)| |_)| | | | | || (_| |  ) ) ) )
  '  |____| .__|_| |_|_| |_\__, | / / / /
 =========|_|==============|___/=/_/_/_/

 :: Spring Boot ::                (v4.0.4)

2026-04-28T17:59:28.535+02:00  INFO 27007 --- [deusto_hotel_server] [    Test worker] c.e.d.u.c.RoomBookingControllerTest      : Starting RoomBookingControllerTest using Java 21.0.10 with PID 27007 (started by ibai in /home/ibai/IdeaProjects/DeustoHotel/server)
2026-04-28T17:59:28.536+02:00  INFO 27007 --- [deusto_hotel_server] [    Test worker] c.e.d.u.c.RoomBookingControllerTest      : No active profile set, falling back to 1 default profile: "default"
2026-04-28T17:59:28.669+02:00  INFO 27007 --- [deusto_hotel_server] [    Test worker] o.s.b.t.m.w.SpringBootMockServletContext : Initializing Spring TestDispatcherServlet ''
2026-04-28T17:59:28.669+02:00  INFO 27007 --- [deusto_hotel_server] [    Test worker] o.s.t.web.servlet.TestDispatcherServlet  : Initializing Servlet ''
2026-04-28T17:59:28.670+02:00  INFO 27007 --- [deusto_hotel_server] [    Test worker] o.s.t.web.servlet.TestDispatcherServlet  : Completed initialization in 0 ms
2026-04-28T17:59:28.675+02:00  INFO 27007 --- [deusto_hotel_server] [    Test worker] c.e.d.u.c.RoomBookingControllerTest      : Started RoomBookingControllerTest in 0.153 seconds (process running for 4.14)
2026-04-28T17:59:28.743+02:00  WARN 27007 --- [deusto_hotel_server] [    Test worker] .w.s.m.s.DefaultHandlerExceptionResolver : Resolved [org.springframework.web.bind.MissingServletRequestParameterException: Required request parameter 'userId' for method parameter type Long is not present]
]]></system-out>
  <system-err><![CDATA[]]></system-err>
</testsuite>
