<?xml version="1.0" encoding="UTF-8"?>
<testsuite name="com.example.deusto_hotel.unit.service.CourtServiceTest" tests="7" skipped="0" failures="0" errors="0" timestamp="2026-04-28T15:59:29.488Z" hostname="ibai-B550M-K" time="0.164">
  <properties/>
  <testcase name="testFindAvailableByTypeAndWeek_TipoValido()" classname="com.example.deusto_hotel.unit.service.CourtServiceTest" time="0.001"/>
  <testcase name="testFindAvailableByTypeAndWeek_SinSemana()" classname="com.example.deusto_hotel.unit.service.CourtServiceTest" time="0.001"/>
  <testcase name="testFindWeeklyAvailability_ConTipoYReservado()" classname="com.example.deusto_hotel.unit.service.CourtServiceTest" time="0.084"/>
  <testcase name="testFindAvailableByDate_Exito()" classname="com.example.deusto_hotel.unit.service.CourtServiceTest" time="0.037"/>
  <testcase name="testFindWeeklyAvailability_SinTipo()" classname="com.example.deusto_hotel.unit.service.CourtServiceTest" time="0.037"/>
  <testcase name="testFindAvailableByDate_FechaInvalida()" classname="com.example.deusto_hotel.unit.service.CourtServiceTest" time="0.001"/>
  <testcase name="testFindAvailableByTypeAndWeek_TipoInvalido()" classname="com.example.deusto_hotel.unit.service.CourtServiceTest" time="0.001"/>
  <system-out><![CDATA[]]></system-out>
  <system-err><![CDATA[]]></system-err>
</testsuite>
