<?xml version="1.0" encoding="UTF-8"?>
<testsuite name="com.example.deusto_hotel.integration.RoomIntegrationTest" tests="3" skipped="0" failures="0" errors="0" timestamp="2026-04-28T15:59:49.280Z" hostname="ibai-B550M-K" time="0.041">
  <properties/>
  <testcase name="getDiponibles_correcto()" classname="com.example.deusto_hotel.integration.RoomIntegrationTest" time="0.01"/>
  <testcase name="createBooking_correcto()" classname="com.example.deusto_hotel.integration.RoomIntegrationTest" time="0.019"/>
  <testcase name="getDisponibles_incorrect()" classname="com.example.deusto_hotel.integration.RoomIntegrationTest" time="0.008"/>
  <system-out><![CDATA[2026-04-28T17:59:49.281+02:00  INFO 27360 --- [deusto_hotel_server] [    Test worker] t.c.s.AnnotationConfigContextLoaderUtils : Could not detect default configuration classes for test class [com.example.deusto_hotel.integration.RoomIntegrationTest]: RoomIntegrationTest does not declare any static, non-private, non-final, nested classes annotated with @Configuration.
2026-04-28T17:59:49.282+02:00  INFO 27360 --- [deusto_hotel_server] [    Test worker] .b.t.c.SpringBootTestContextBootstrapper : Found @SpringBootConfiguration com.example.deusto_hotel.DeustoHotelApplication for test class com.example.deusto_hotel.integration.RoomIntegrationTest
2026-04-28T17:59:49.283+02:00  INFO 27360 --- [deusto_hotel_server] [    Test worker] t.c.s.AnnotationConfigContextLoaderUtils : Could not detect default configuration classes for test class [com.example.deusto_hotel.integration.RoomIntegrationTest]: RoomIntegrationTest does not declare any static, non-private, non-final, nested classes annotated with @Configuration.
2026-04-28T17:59:49.283+02:00  INFO 27360 --- [deusto_hotel_server] [    Test worker] .b.t.c.SpringBootTestContextBootstrapper : Found @SpringBootConfiguration com.example.deusto_hotel.DeustoHotelApplication for test class com.example.deusto_hotel.integration.RoomIntegrationTest
Hibernate: select r1_0.id,r1_0.capacidad,r1_0.estado,r1_0.numero,r1_0.precio_por_noche,r1_0.tipo from rooms r1_0 where r1_0.estado='DISPONIBLE' and r1_0.id not in (select rb1_0.habitacion_id from room_bookings rb1_0 where rb1_0.estado<>'CANCELADA' and rb1_0.check_in<? and rb1_0.check_out>?) order by r1_0.numero
Hibernate: select r1_0.id,r1_0.capacidad,r1_0.estado,r1_0.numero,r1_0.precio_por_noche,r1_0.tipo from rooms r1_0 where r1_0.estado='DISPONIBLE' and r1_0.id not in (select rb1_0.habitacion_id from room_bookings rb1_0 where rb1_0.estado<>'CANCELADA' and rb1_0.check_in<? and rb1_0.check_out>?) order by r1_0.numero
Hibernate: select u1_0.id,u1_0.bloqueado,u1_0.cancelaciones,u1_0.creado_en,u1_0.email,u1_0.nombre,u1_0.password,u1_0.rol from users u1_0 where u1_0.id=?
Reserva SUITE: 4
Hibernate: select r1_0.id,r1_0.capacidad,r1_0.estado,r1_0.numero,r1_0.precio_por_noche,r1_0.tipo from rooms r1_0 where r1_0.id=? and r1_0.tipo=?
Hibernate: select rb1_0.id,rb1_0.check_in,rb1_0.check_out,rb1_0.cliente_id,rb1_0.creada_en,rb1_0.estado,rb1_0.habitacion_id,rb1_0.precio_total from room_bookings rb1_0 where rb1_0.habitacion_id=? and rb1_0.estado<>'CANCELADA' and rb1_0.check_in<? and rb1_0.check_out>?
Hibernate: insert into room_bookings (check_in,check_out,cliente_id,creada_en,estado,habitacion_id,precio_total) values (?,?,?,?,?,?,?)
]]></system-out>
  <system-err><![CDATA[]]></system-err>
</testsuite>
