<?xml version="1.0" encoding="UTF-8"?>
<testsuite name="com.example.deusto_hotel.integration.CourtIntegrationTest" tests="8" skipped="0" failures="0" errors="0" timestamp="2026-04-28T15:59:41.301Z" hostname="ibai-B550M-K" time="7.826">
  <properties/>
  <testcase name="getWeeklyAvailability_conTipoInvalido_devuelveTodasIgual()" classname="com.example.deusto_hotel.integration.CourtIntegrationTest" time="1.25"/>
  <testcase name="getWeeklyAvailability_conTipoTenis_filtra()" classname="com.example.deusto_hotel.integration.CourtIntegrationTest" time="0.181"/>
  <testcase name="getAvailableCourts_conTipoYFecha_filtraAmbos()" classname="com.example.deusto_hotel.integration.CourtIntegrationTest" time="0.036"/>
  <testcase name="getAvailableCourts_conFecha_devuelveDisponiblesParaEsaFecha()" classname="com.example.deusto_hotel.integration.CourtIntegrationTest" time="0.01"/>
  <testcase name="getWeeklyAvailability_sinTipo_devuelveTodasLasPistas()" classname="com.example.deusto_hotel.integration.CourtIntegrationTest" time="0.497"/>
  <testcase name="getAvailableCourts_conSemana_devuelveReservasDeLaSemana()" classname="com.example.deusto_hotel.integration.CourtIntegrationTest" time="0.016"/>
  <testcase name="getAvailableCourts_sinParametros_devuelveTodos()" classname="com.example.deusto_hotel.integration.CourtIntegrationTest" time="0.012"/>
  <testcase name="getAvailableCourts_conTipo_filtraPorTipo()" classname="com.example.deusto_hotel.integration.CourtIntegrationTest" time="0.01"/>
  <system-out><![CDATA[17:59:41.475 [Test worker] INFO org.springframework.test.context.support.AnnotationConfigContextLoaderUtils -- Could not detect default configuration classes for test class [com.example.deusto_hotel.integration.CourtIntegrationTest]: CourtIntegrationTest does not declare any static, non-private, non-final, nested classes annotated with @Configuration.
17:59:41.580 [Test worker] INFO org.springframework.boot.test.context.SpringBootTestContextBootstrapper -- Found @SpringBootConfiguration com.example.deusto_hotel.DeustoHotelApplication for test class com.example.deusto_hotel.integration.CourtIntegrationTest
17:59:41.659 [Test worker] INFO org.springframework.test.context.support.AnnotationConfigContextLoaderUtils -- Could not detect default configuration classes for test class [com.example.deusto_hotel.integration.CourtIntegrationTest]: CourtIntegrationTest does not declare any static, non-private, non-final, nested classes annotated with @Configuration.
17:59:41.661 [Test worker] INFO org.springframework.boot.test.context.SpringBootTestContextBootstrapper -- Found @SpringBootConfiguration com.example.deusto_hotel.DeustoHotelApplication for test class com.example.deusto_hotel.integration.CourtIntegrationTest

  .   ____          _            __ _ _
 /\\ / ___'_ __ _ _(_)_ __  __ _ \ \ \ \
( ( )\___ | '_ | '_| | '_ \/ _` | \ \ \ \
 \\/  ___)| |_)| | | | | || (_| |  ) ) ) )
  '  |____| .__|_| |_|_| |_\__, | / / / /
 =========|_|==============|___/=/_/_/_/

 :: Spring Boot ::                (v4.0.4)

2026-04-28T17:59:41.948+02:00  INFO 27360 --- [deusto_hotel_server] [    Test worker] c.e.d.integration.CourtIntegrationTest   : Starting CourtIntegrationTest using Java 21.0.10 with PID 27360 (started by ibai in /home/ibai/IdeaProjects/DeustoHotel/server)
2026-04-28T17:59:41.949+02:00  INFO 27360 --- [deusto_hotel_server] [    Test worker] c.e.d.integration.CourtIntegrationTest   : No active profile set, falling back to 1 default profile: "default"
2026-04-28T17:59:42.466+02:00  INFO 27360 --- [deusto_hotel_server] [    Test worker] .s.d.r.c.RepositoryConfigurationDelegate : Bootstrapping Spring Data JPA repositories in DEFAULT mode.
2026-04-28T17:59:42.511+02:00  INFO 27360 --- [deusto_hotel_server] [    Test worker] .s.d.r.c.RepositoryConfigurationDelegate : Finished Spring Data repository scanning in 38 ms. Found 6 JPA repository interfaces.
2026-04-28T17:59:42.872+02:00  INFO 27360 --- [deusto_hotel_server] [    Test worker] o.s.boot.tomcat.TomcatWebServer          : Tomcat initialized with port 0 (http)
2026-04-28T17:59:42.884+02:00  INFO 27360 --- [deusto_hotel_server] [    Test worker] o.apache.catalina.core.StandardService   : Starting service [Tomcat]
2026-04-28T17:59:42.884+02:00  INFO 27360 --- [deusto_hotel_server] [    Test worker] o.apache.catalina.core.StandardEngine    : Starting Servlet engine: [Apache Tomcat/11.0.18]
2026-04-28T17:59:42.919+02:00  INFO 27360 --- [deusto_hotel_server] [    Test worker] b.w.c.s.WebApplicationContextInitializer : Root WebApplicationContext: initialization completed in 958 ms
2026-04-28T17:59:43.038+02:00  INFO 27360 --- [deusto_hotel_server] [    Test worker] org.hibernate.orm.jpa                    : HHH008540: Processing PersistenceUnitInfo [name: default]
2026-04-28T17:59:43.082+02:00  INFO 27360 --- [deusto_hotel_server] [    Test worker] org.hibernate.orm.core                   : HHH000001: Hibernate ORM core version 7.2.7.Final
2026-04-28T17:59:43.437+02:00  INFO 27360 --- [deusto_hotel_server] [    Test worker] o.s.o.j.p.SpringPersistenceUnitInfo      : No LoadTimeWeaver setup: ignoring JPA class transformer
2026-04-28T17:59:43.467+02:00  INFO 27360 --- [deusto_hotel_server] [    Test worker] com.zaxxer.hikari.HikariDataSource       : HikariPool-1 - Starting...
2026-04-28T17:59:43.753+02:00  INFO 27360 --- [deusto_hotel_server] [    Test worker] com.zaxxer.hikari.pool.HikariPool        : HikariPool-1 - Added connection com.mysql.cj.jdbc.ConnectionImpl@f20f100
2026-04-28T17:59:43.755+02:00  INFO 27360 --- [deusto_hotel_server] [    Test worker] com.zaxxer.hikari.HikariDataSource       : HikariPool-1 - Start completed.
2026-04-28T17:59:43.838+02:00  INFO 27360 --- [deusto_hotel_server] [    Test worker] org.hibernate.orm.connections.pooling    : HHH10001005: Database info:
	Database JDBC URL [jdbc:mysql://localhost:3306/deusto_hotel]
	Database driver: MySQL Connector/J
	Database dialect: MySQLDialect
	Database version: 8.0.45
	Default catalog/schema: deusto_hotel/undefined
	Autocommit mode: undefined/unknown
	Isolation level: REPEATABLE_READ [default REPEATABLE_READ]
	JDBC fetch size: none
	Pool: DataSourceConnectionProvider
	Minimum pool size: undefined/unknown
	Maximum pool size: undefined/unknown
2026-04-28T17:59:44.674+02:00  INFO 27360 --- [deusto_hotel_server] [    Test worker] org.hibernate.orm.core                   : HHH000489: No JTA platform available (set 'hibernate.transaction.jta.platform' to enable JTA platform integration)
Hibernate: alter table court_bookings drop foreign key FKegs5ihb1q6k64wr1ph58foo7
Hibernate: alter table court_bookings drop foreign key FK7t2qbqvop470akp9nn7xmhb3n
Hibernate: alter table reviews drop foreign key FK2ffiiqn6qn5mn96txn94r3kqy
Hibernate: alter table reviews drop foreign key FKef51t30p4bi19xlwaqfh6ukww
Hibernate: alter table room_bookings drop foreign key FKepv751lvbqjseaeuv6g3vus5l
Hibernate: alter table room_bookings drop foreign key FKbu01p83e6xk27o8o1lf58xov5
Hibernate: drop table if exists court_bookings
Hibernate: drop table if exists courts
Hibernate: drop table if exists reviews
Hibernate: drop table if exists room_bookings
Hibernate: drop table if exists rooms
Hibernate: drop table if exists users
Hibernate: create table court_bookings (fecha date not null, hora_fin time(0) not null, hora_inicio time(0) not null, precio_total float(53) not null, cliente_id bigint not null, creada_en datetime(6) not null, id bigint not null auto_increment, pista_id bigint not null, estado enum ('CANCELADA','CONFIRMADA','PENDIENTE') not null, primary key (id)) engine=InnoDB
Hibernate: create table courts (precio_por_hora float(53) not null, id bigint not null auto_increment, nombre varchar(255) not null, estado enum ('BLOQUEADA','DISPONIBLE') not null, tipo enum ('FUTBOL','PADEL','PISCINA','TENIS') not null, primary key (id)) engine=InnoDB
Hibernate: create table reviews (puntuacion integer not null, cliente_id bigint not null, creada_en datetime(6) not null, habitacion_id bigint not null, id bigint not null auto_increment, comentario varchar(255) not null, primary key (id)) engine=InnoDB
Hibernate: create table room_bookings (check_in date not null, check_out date not null, precio_total integer not null, cliente_id bigint not null, creada_en datetime(6) not null, habitacion_id bigint not null, id bigint not null auto_increment, estado enum ('CANCELADA','CONFIRMADA','PENDIENTE') not null, primary key (id)) engine=InnoDB
Hibernate: create table rooms (capacidad integer, precio_por_noche integer, id bigint not null auto_increment, numero varchar(255) not null, estado enum ('BLOQUEADA','DISPONIBLE') not null, tipo enum ('DOBLE','INDIVIDUAL','SUITE') not null, primary key (id)) engine=InnoDB
Hibernate: create table users (bloqueado bit not null, cancelaciones integer not null, creado_en datetime(6) not null, id bigint not null auto_increment, email varchar(255) not null, nombre varchar(255) not null, password varchar(255) not null, rol enum ('ADMIN','CLIENT','RECEPTIONIST') not null, primary key (id)) engine=InnoDB
Hibernate: alter table courts add constraint UKkcjcdkc016yusdybo8qc4ko5x unique (nombre)
Hibernate: alter table rooms add constraint UKnv6a6acplk7frovpr5f215t9x unique (numero)
Hibernate: alter table users add constraint UK6dotkott2kjsp8vw4d0m25fb7 unique (email)
Hibernate: alter table court_bookings add constraint FKegs5ihb1q6k64wr1ph58foo7 foreign key (cliente_id) references users (id)
Hibernate: alter table court_bookings add constraint FK7t2qbqvop470akp9nn7xmhb3n foreign key (pista_id) references courts (id)
Hibernate: alter table reviews add constraint FK2ffiiqn6qn5mn96txn94r3kqy foreign key (cliente_id) references users (id)
Hibernate: alter table reviews add constraint FKef51t30p4bi19xlwaqfh6ukww foreign key (habitacion_id) references rooms (id)
Hibernate: alter table room_bookings add constraint FKepv751lvbqjseaeuv6g3vus5l foreign key (cliente_id) references users (id)
Hibernate: alter table room_bookings add constraint FKbu01p83e6xk27o8o1lf58xov5 foreign key (habitacion_id) references rooms (id)
2026-04-28T17:59:45.558+02:00  INFO 27360 --- [deusto_hotel_server] [    Test worker] j.LocalContainerEntityManagerFactoryBean : Initialized JPA EntityManagerFactory for persistence unit 'default'
2026-04-28T17:59:45.609+02:00  INFO 27360 --- [deusto_hotel_server] [    Test worker] o.s.d.j.r.query.QueryEnhancerFactories   : Hibernate is in classpath; If applicable, HQL parser will be used.
2026-04-28T17:59:46.466+02:00  WARN 27360 --- [deusto_hotel_server] [    Test worker] JpaBaseConfiguration$JpaWebConfiguration : spring.jpa.open-in-view is enabled by default. Therefore, database queries may be performed during view rendering. Explicitly configure spring.jpa.open-in-view to disable this warning
2026-04-28T17:59:46.841+02:00  INFO 27360 --- [deusto_hotel_server] [    Test worker] o.s.m.s.b.SimpleBrokerMessageHandler     : Starting...
2026-04-28T17:59:46.841+02:00  INFO 27360 --- [deusto_hotel_server] [    Test worker] o.s.m.s.b.SimpleBrokerMessageHandler     : BrokerAvailabilityEvent[available=true, SimpleBrokerMessageHandler [org.springframework.messaging.simp.broker.DefaultSubscriptionRegistry@5e95665]]
2026-04-28T17:59:46.841+02:00  INFO 27360 --- [deusto_hotel_server] [    Test worker] o.s.m.s.b.SimpleBrokerMessageHandler     : Started.
2026-04-28T17:59:46.851+02:00  INFO 27360 --- [deusto_hotel_server] [    Test worker] o.s.boot.tomcat.TomcatWebServer          : Tomcat started on port 36193 (http) with context path '/'
2026-04-28T17:59:46.856+02:00  INFO 27360 --- [deusto_hotel_server] [    Test worker] c.e.d.integration.CourtIntegrationTest   : Started CourtIntegrationTest in 5.151 seconds (process running for 6.312)
Hibernate: select count(*) from users u1_0
Hibernate: insert into users (bloqueado,cancelaciones,creado_en,email,nombre,password,rol) values (?,?,?,?,?,?,?)
Hibernate: insert into users (bloqueado,cancelaciones,creado_en,email,nombre,password,rol) values (?,?,?,?,?,?,?)
Hibernate: insert into users (bloqueado,cancelaciones,creado_en,email,nombre,password,rol) values (?,?,?,?,?,?,?)
Hibernate: insert into users (bloqueado,cancelaciones,creado_en,email,nombre,password,rol) values (?,?,?,?,?,?,?)
Hibernate: insert into users (bloqueado,cancelaciones,creado_en,email,nombre,password,rol) values (?,?,?,?,?,?,?)
Hibernate: insert into rooms (capacidad,estado,numero,precio_por_noche,tipo) values (?,?,?,?,?)
Hibernate: insert into rooms (capacidad,estado,numero,precio_por_noche,tipo) values (?,?,?,?,?)
Hibernate: insert into rooms (capacidad,estado,numero,precio_por_noche,tipo) values (?,?,?,?,?)
Hibernate: insert into rooms (capacidad,estado,numero,precio_por_noche,tipo) values (?,?,?,?,?)
Hibernate: insert into rooms (capacidad,estado,numero,precio_por_noche,tipo) values (?,?,?,?,?)
Hibernate: insert into courts (estado,nombre,precio_por_hora,tipo) values (?,?,?,?)
Hibernate: insert into courts (estado,nombre,precio_por_hora,tipo) values (?,?,?,?)
Hibernate: insert into courts (estado,nombre,precio_por_hora,tipo) values (?,?,?,?)
Hibernate: insert into courts (estado,nombre,precio_por_hora,tipo) values (?,?,?,?)
Hibernate: insert into room_bookings (check_in,check_out,cliente_id,creada_en,estado,habitacion_id,precio_total) values (?,?,?,?,?,?,?)
Hibernate: insert into room_bookings (check_in,check_out,cliente_id,creada_en,estado,habitacion_id,precio_total) values (?,?,?,?,?,?,?)
Hibernate: insert into room_bookings (check_in,check_out,cliente_id,creada_en,estado,habitacion_id,precio_total) values (?,?,?,?,?,?,?)
Hibernate: insert into court_bookings (cliente_id,creada_en,estado,fecha,hora_fin,hora_inicio,pista_id,precio_total) values (?,?,?,?,?,?,?,?)
Hibernate: insert into court_bookings (cliente_id,creada_en,estado,fecha,hora_fin,hora_inicio,pista_id,precio_total) values (?,?,?,?,?,?,?,?)
Hibernate: insert into court_bookings (cliente_id,creada_en,estado,fecha,hora_fin,hora_inicio,pista_id,precio_total) values (?,?,?,?,?,?,?,?)
Hibernate: insert into reviews (cliente_id,comentario,creada_en,habitacion_id,puntuacion) values (?,?,?,?,?)
Hibernate: insert into reviews (cliente_id,comentario,creada_en,habitacion_id,puntuacion) values (?,?,?,?,?)
Hibernate: insert into reviews (cliente_id,comentario,creada_en,habitacion_id,puntuacion) values (?,?,?,?,?)
✓ Base de datos inicializada con datos de ejemplo
2026-04-28T17:59:47.107+02:00  WARN 27360 --- [deusto_hotel_server] [    Test worker] o.s.core.events.SpringDocAppInitializer  : SpringDoc /v3/api-docs endpoint is enabled by default. To disable it in production, set the property 'springdoc.api-docs.enabled=false'
2026-04-28T17:59:47.108+02:00  WARN 27360 --- [deusto_hotel_server] [    Test worker] o.s.core.events.SpringDocAppInitializer  : SpringDoc /swagger-ui.html endpoint is enabled by default. To disable it in production, set the property 'springdoc.swagger-ui.enabled=false'
2026-04-28T17:59:47.471+02:00  INFO 27360 --- [deusto_hotel_server] [o-auto-1-exec-1] o.a.c.c.C.[Tomcat].[localhost].[/]       : Initializing Spring DispatcherServlet 'dispatcherServlet'
2026-04-28T17:59:47.471+02:00  INFO 27360 --- [deusto_hotel_server] [o-auto-1-exec-1] o.s.web.servlet.DispatcherServlet        : Initializing Servlet 'dispatcherServlet'
2026-04-28T17:59:47.472+02:00  INFO 27360 --- [deusto_hotel_server] [o-auto-1-exec-1] o.s.web.servlet.DispatcherServlet        : Completed initialization in 0 ms
Hibernate: select c1_0.id,c1_0.estado,c1_0.nombre,c1_0.precio_por_hora,c1_0.tipo from courts c1_0 where c1_0.estado=?
Hibernate: select cb1_0.id,cb1_0.cliente_id,cb1_0.creada_en,cb1_0.estado,cb1_0.fecha,cb1_0.hora_fin,cb1_0.hora_inicio,cb1_0.pista_id,cb1_0.precio_total from court_bookings cb1_0 where cb1_0.pista_id=? and cb1_0.fecha=? and cb1_0.estado<>'CANCELADA' and cb1_0.hora_inicio<? and cb1_0.hora_fin>?
Hibernate: select cb1_0.id,cb1_0.cliente_id,cb1_0.creada_en,cb1_0.estado,cb1_0.fecha,cb1_0.hora_fin,cb1_0.hora_inicio,cb1_0.pista_id,cb1_0.precio_total from court_bookings cb1_0 where cb1_0.pista_id=? and cb1_0.fecha=? and cb1_0.estado<>'CANCELADA' and cb1_0.hora_inicio<? and cb1_0.hora_fin>?
Hibernate: select cb1_0.id,cb1_0.cliente_id,cb1_0.creada_en,cb1_0.estado,cb1_0.fecha,cb1_0.hora_fin,cb1_0.hora_inicio,cb1_0.pista_id,cb1_0.precio_total from court_bookings cb1_0 where cb1_0.pista_id=? and cb1_0.fecha=? and cb1_0.estado<>'CANCELADA' and cb1_0.hora_inicio<? and cb1_0.hora_fin>?
Hibernate: select cb1_0.id,cb1_0.cliente_id,cb1_0.creada_en,cb1_0.estado,cb1_0.fecha,cb1_0.hora_fin,cb1_0.hora_inicio,cb1_0.pista_id,cb1_0.precio_total from court_bookings cb1_0 where cb1_0.pista_id=? and cb1_0.fecha=? and cb1_0.estado<>'CANCELADA' and cb1_0.hora_inicio<? and cb1_0.hora_fin>?
Hibernate: select cb1_0.id,cb1_0.cliente_id,cb1_0.creada_en,cb1_0.estado,cb1_0.fecha,cb1_0.hora_fin,cb1_0.hora_inicio,cb1_0.pista_id,cb1_0.precio_total from court_bookings cb1_0 where cb1_0.pista_id=? and cb1_0.fecha=? and cb1_0.estado<>'CANCELADA' and cb1_0.hora_inicio<? and cb1_0.hora_fin>?
Hibernate: select cb1_0.id,cb1_0.cliente_id,cb1_0.creada_en,cb1_0.estado,cb1_0.fecha,cb1_0.hora_fin,cb1_0.hora_inicio,cb1_0.pista_id,cb1_0.precio_total from court_bookings cb1_0 where cb1_0.pista_id=? and cb1_0.fecha=? and cb1_0.estado<>'CANCELADA' and cb1_0.hora_inicio<? and cb1_0.hora_fin>?
Hibernate: select cb1_0.id,cb1_0.cliente_id,cb1_0.creada_en,cb1_0.estado,cb1_0.fecha,cb1_0.hora_fin,cb1_0.hora_inicio,cb1_0.pista_id,cb1_0.precio_total from court_bookings cb1_0 where cb1_0.pista_id=? and cb1_0.fecha=? and cb1_0.estado<>'CANCELADA' and cb1_0.hora_inicio<? and cb1_0.hora_fin>?
Hibernate: select cb1_0.id,cb1_0.cliente_id,cb1_0.creada_en,cb1_0.estado,cb1_0.fecha,cb1_0.hora_fin,cb1_0.hora_inicio,cb1_0.pista_id,cb1_0.precio_total from court_bookings cb1_0 where cb1_0.pista_id=? and cb1_0.fecha=? and cb1_0.estado<>'CANCELADA' and cb1_0.hora_inicio<? and cb1_0.hora_fin>?
Hibernate: select cb1_0.id,cb1_0.cliente_id,cb1_0.creada_en,cb1_0.estado,cb1_0.fecha,cb1_0.hora_fin,cb1_0.hora_inicio,cb1_0.pista_id,cb1_0.precio_total from court_bookings cb1_0 where cb1_0.pista_id=? and cb1_0.fecha=? and cb1_0.estado<>'CANCELADA' and cb1_0.hora_inicio<? and cb1_0.hora_fin>?
Hibernate: select cb1_0.id,cb1_0.cliente_id,cb1_0.creada_en,cb1_0.estado,cb1_0.fecha,cb1_0.hora_fin,cb1_0.hora_inicio,cb1_0.pista_id,cb1_0.precio_total from court_bookings cb1_0 where cb1_0.pista_id=? and cb1_0.fecha=? and cb1_0.estado<>'CANCELADA' and cb1_0.hora_inicio<? and cb1_0.hora_fin>?
Hibernate: select cb1_0.id,cb1_0.cliente_id,cb1_0.creada_en,cb1_0.estado,cb1_0.fecha,cb1_0.hora_fin,cb1_0.hora_inicio,cb1_0.pista_id,cb1_0.precio_total from court_bookings cb1_0 where cb1_0.pista_id=? and cb1_0.fecha=? and cb1_0.estado<>'CANCELADA' and cb1_0.hora_inicio<? and cb1_0.hora_fin>?
Hibernate: select cb1_0.id,cb1_0.cliente_id,cb1_0.creada_en,cb1_0.estado,cb1_0.fecha,cb1_0.hora_fin,cb1_0.hora_inicio,cb1_0.pista_id,cb1_0.precio_total from court_bookings cb1_0 where cb1_0.pista_id=? and cb1_0.fecha=? and cb1_0.estado<>'CANCELADA' and cb1_0.hora_inicio<? and cb1_0.hora_fin>?
Hibernate: select cb1_0.id,cb1_0.cliente_id,cb1_0.creada_en,cb1_0.estado,cb1_0.fecha,cb1_0.hora_fin,cb1_0.hora_inicio,cb1_0.pista_id,cb1_0.precio_total from court_bookings cb1_0 where cb1_0.pista_id=? and cb1_0.fecha=? and cb1_0.estado<>'CANCELADA' and cb1_0.hora_inicio<? and cb1_0.hora_fin>?
Hibernate: select cb1_0.id,cb1_0.cliente_id,cb1_0.creada_en,cb1_0.estado,cb1_0.fecha,cb1_0.hora_fin,cb1_0.hora_inicio,cb1_0.pista_id,cb1_0.precio_total from court_bookings cb1_0 where cb1_0.pista_id=? and cb1_0.fecha=? and cb1_0.estado<>'CANCELADA' and cb1_0.hora_inicio<? and cb1_0.hora_fin>?
Hibernate: select cb1_0.id,cb1_0.cliente_id,cb1_0.creada_en,cb1_0.estado,cb1_0.fecha,cb1_0.hora_fin,cb1_0.hora_inicio,cb1_0.pista_id,cb1_0.precio_total from court_bookings cb1_0 where cb1_0.pista_id=? and cb1_0.fecha=? and cb1_0.estado<>'CANCELADA' and cb1_0.hora_inicio<? and cb1_0.hora_fin>?
Hibernate: select cb1_0.id,cb1_0.cliente_id,cb1_0.creada_en,cb1_0.estado,cb1_0.fecha,cb1_0.hora_fin,cb1_0.hora_inicio,cb1_0.pista_id,cb1_0.precio_total from court_bookings cb1_0 where cb1_0.pista_id=? and cb1_0.fecha=? and cb1_0.estado<>'CANCELADA' and cb1_0.hora_inicio<? and cb1_0.hora_fin>?
Hibernate: select cb1_0.id,cb1_0.cliente_id,cb1_0.creada_en,cb1_0.estado,cb1_0.fecha,cb1_0.hora_fin,cb1_0.hora_inicio,cb1_0.pista_id,cb1_0.precio_total from court_bookings cb1_0 where cb1_0.pista_id=? and cb1_0.fecha=? and cb1_0.estado<>'CANCELADA' and cb1_0.hora_inicio<? and cb1_0.hora_fin>?
Hibernate: select cb1_0.id,cb1_0.cliente_id,cb1_0.creada_en,cb1_0.estado,cb1_0.fecha,cb1_0.hora_fin,cb1_0.hora_inicio,cb1_0.pista_id,cb1_0.precio_total from court_bookings cb1_0 where cb1_0.pista_id=? and cb1_0.fecha=? and cb1_0.estado<>'CANCELADA' and cb1_0.hora_inicio<? and cb1_0.hora_fin>?
Hibernate: select cb1_0.id,cb1_0.cliente_id,cb1_0.creada_en,cb1_0.estado,cb1_0.fecha,cb1_0.hora_fin,cb1_0.hora_inicio,cb1_0.pista_id,cb1_0.precio_total from court_bookings cb1_0 where cb1_0.pista_id=? and cb1_0.fecha=? and cb1_0.estado<>'CANCELADA' and cb1_0.hora_inicio<? and cb1_0.hora_fin>?
Hibernate: select cb1_0.id,cb1_0.cliente_id,cb1_0.creada_en,cb1_0.estado,cb1_0.fecha,cb1_0.hora_fin,cb1_0.hora_inicio,cb1_0.pista_id,cb1_0.precio_total from court_bookings cb1_0 where cb1_0.pista_id=? and cb1_0.fecha=? and cb1_0.estado<>'CANCELADA' and cb1_0.hora_inicio<? and cb1_0.hora_fin>?
Hibernate: select cb1_0.id,cb1_0.cliente_id,cb1_0.creada_en,cb1_0.estado,cb1_0.fecha,cb1_0.hora_fin,cb1_0.hora_inicio,cb1_0.pista_id,cb1_0.precio_total from court_bookings cb1_0 where cb1_0.pista_id=? and cb1_0.fecha=? and cb1_0.estado<>'CANCELADA' and cb1_0.hora_inicio<? and cb1_0.hora_fin>?
Hibernate: select cb1_0.id,cb1_0.cliente_id,cb1_0.creada_en,cb1_0.estado,cb1_0.fecha,cb1_0.hora_fin,cb1_0.hora_inicio,cb1_0.pista_id,cb1_0.precio_total from court_bookings cb1_0 where cb1_0.pista_id=? and cb1_0.fecha=? and cb1_0.estado<>'CANCELADA' and cb1_0.hora_inicio<? and cb1_0.hora_fin>?
Hibernate: select cb1_0.id,cb1_0.cliente_id,cb1_0.creada_en,cb1_0.estado,cb1_0.fecha,cb1_0.hora_fin,cb1_0.hora_inicio,cb1_0.pista_id,cb1_0.precio_total from court_bookings cb1_0 where cb1_0.pista_id=? and cb1_0.fecha=? and cb1_0.estado<>'CANCELADA' and cb1_0.hora_inicio<? and cb1_0.hora_fin>?
Hibernate: select cb1_0.id,cb1_0.cliente_id,cb1_0.creada_en,cb1_0.estado,cb1_0.fecha,cb1_0.hora_fin,cb1_0.hora_inicio,cb1_0.pista_id,cb1_0.precio_total from court_bookings cb1_0 where cb1_0.pista_id=? and cb1_0.fecha=? and cb1_0.estado<>'CANCELADA' and cb1_0.hora_inicio<? and cb1_0.hora_fin>?
Hibernate: select cb1_0.id,cb1_0.cliente_id,cb1_0.creada_en,cb1_0.estado,cb1_0.fecha,cb1_0.hora_fin,cb1_0.hora_inicio,cb1_0.pista_id,cb1_0.precio_total from court_bookings cb1_0 where cb1_0.pista_id=? and cb1_0.fecha=? and cb1_0.estado<>'CANCELADA' and cb1_0.hora_inicio<? and cb1_0.hora_fin>?
Hibernate: select cb1_0.id,cb1_0.cliente_id,cb1_0.creada_en,cb1_0.estado,cb1_0.fecha,cb1_0.hora_fin,cb1_0.hora_inicio,cb1_0.pista_id,cb1_0.precio_total from court_bookings cb1_0 where cb1_0.pista_id=? and cb1_0.fecha=? and cb1_0.estado<>'CANCELADA' and cb1_0.hora_inicio<? and cb1_0.hora_fin>?
Hibernate: select cb1_0.id,cb1_0.cliente_id,cb1_0.creada_en,cb1_0.estado,cb1_0.fecha,cb1_0.hora_fin,cb1_0.hora_inicio,cb1_0.pista_id,cb1_0.precio_total from court_bookings cb1_0 where cb1_0.pista_id=? and cb1_0.fecha=? and cb1_0.estado<>'CANCELADA' and cb1_0.hora_inicio<? and cb1_0.hora_fin>?
Hibernate: select cb1_0.id,cb1_0.cliente_id,cb1_0.creada_en,cb1_0.estado,cb1_0.fecha,cb1_0.hora_fin,cb1_0.hora_inicio,cb1_0.pista_id,cb1_0.precio_total from court_bookings cb1_0 where cb1_0.pista_id=? and cb1_0.fecha=? and cb1_0.estado<>'CANCELADA' and cb1_0.hora_inicio<? and cb1_0.hora_fin>?
Hibernate: select cb1_0.id,cb1_0.cliente_id,cb1_0.creada_en,cb1_0.estado,cb1_0.fecha,cb1_0.hora_fin,cb1_0.hora_inicio,cb1_0.pista_id,cb1_0.precio_total from court_bookings cb1_0 where cb1_0.pista_id=? and cb1_0.fecha=? and cb1_0.estado<>'CANCELADA' and cb1_0.hora_inicio<? and cb1_0.hora_fin>?
Hibernate: select cb1_0.id,cb1_0.cliente_id,cb1_0.creada_en,cb1_0.estado,cb1_0.fecha,cb1_0.hora_fin,cb1_0.hora_inicio,cb1_0.pista_id,cb1_0.precio_total from court_bookings cb1_0 where cb1_0.pista_id=? and cb1_0.fecha=? and cb1_0.estado<>'CANCELADA' and cb1_0.hora_inicio<? and cb1_0.hora_fin>?
Hibernate: select cb1_0.id,cb1_0.cliente_id,cb1_0.creada_en,cb1_0.estado,cb1_0.fecha,cb1_0.hora_fin,cb1_0.hora_inicio,cb1_0.pista_id,cb1_0.precio_total from court_bookings cb1_0 where cb1_0.pista_id=? and cb1_0.fecha=? and cb1_0.estado<>'CANCELADA' and cb1_0.hora_inicio<? and cb1_0.hora_fin>?
Hibernate: select cb1_0.id,cb1_0.cliente_id,cb1_0.creada_en,cb1_0.estado,cb1_0.fecha,cb1_0.hora_fin,cb1_0.hora_inicio,cb1_0.pista_id,cb1_0.precio_total from court_bookings cb1_0 where cb1_0.pista_id=? and cb1_0.fecha=? and cb1_0.estado<>'CANCELADA' and cb1_0.hora_inicio<? and cb1_0.hora_fin>?
Hibernate: select cb1_0.id,cb1_0.cliente_id,cb1_0.creada_en,cb1_0.estado,cb1_0.fecha,cb1_0.hora_fin,cb1_0.hora_inicio,cb1_0.pista_id,cb1_0.precio_total from court_bookings cb1_0 where cb1_0.pista_id=? and cb1_0.fecha=? and cb1_0.estado<>'CANCELADA' and cb1_0.hora_inicio<? and cb1_0.hora_fin>?
Hibernate: select cb1_0.id,cb1_0.cliente_id,cb1_0.creada_en,cb1_0.estado,cb1_0.fecha,cb1_0.hora_fin,cb1_0.hora_inicio,cb1_0.pista_id,cb1_0.precio_total from court_bookings cb1_0 where cb1_0.pista_id=? and cb1_0.fecha=? and cb1_0.estado<>'CANCELADA' and cb1_0.hora_inicio<? and cb1_0.hora_fin>?
Hibernate: select cb1_0.id,cb1_0.cliente_id,cb1_0.creada_en,cb1_0.estado,cb1_0.fecha,cb1_0.hora_fin,cb1_0.hora_inicio,cb1_0.pista_id,cb1_0.precio_total from court_bookings cb1_0 where cb1_0.pista_id=? and cb1_0.fecha=? and cb1_0.estado<>'CANCELADA' and cb1_0.hora_inicio<? and cb1_0.hora_fin>?
Hibernate: select cb1_0.id,cb1_0.cliente_id,cb1_0.creada_en,cb1_0.estado,cb1_0.fecha,cb1_0.hora_fin,cb1_0.hora_inicio,cb1_0.pista_id,cb1_0.precio_total from court_bookings cb1_0 where cb1_0.pista_id=? and cb1_0.fecha=? and cb1_0.estado<>'CANCELADA' and cb1_0.hora_inicio<? and cb1_0.hora_fin>?
Hibernate: select cb1_0.id,cb1_0.cliente_id,cb1_0.creada_en,cb1_0.estado,cb1_0.fecha,cb1_0.hora_fin,cb1_0.hora_inicio,cb1_0.pista_id,cb1_0.precio_total from court_bookings cb1_0 where cb1_0.pista_id=? and cb1_0.fecha=? and cb1_0.estado<>'CANCELADA' and cb1_0.hora_inicio<? and cb1_0.hora_fin>?
Hibernate: select cb1_0.id,cb1_0.cliente_id,cb1_0.creada_en,cb1_0.estado,cb1_0.fecha,cb1_0.hora_fin,cb1_0.hora_inicio,cb1_0.pista_id,cb1_0.precio_total from court_bookings cb1_0 where cb1_0.pista_id=? and cb1_0.fecha=? and cb1_0.estado<>'CANCELADA' and cb1_0.hora_inicio<? and cb1_0.hora_fin>?
Hibernate: select cb1_0.id,cb1_0.cliente_id,cb1_0.creada_en,cb1_0.estado,cb1_0.fecha,cb1_0.hora_fin,cb1_0.hora_inicio,cb1_0.pista_id,cb1_0.precio_total from court_bookings cb1_0 where cb1_0.pista_id=? and cb1_0.fecha=? and cb1_0.estado<>'CANCELADA' and cb1_0.hora_inicio<? and cb1_0.hora_fin>?
Hibernate: select cb1_0.id,cb1_0.cliente_id,cb1_0.creada_en,cb1_0.estado,cb1_0.fecha,cb1_0.hora_fin,cb1_0.hora_inicio,cb1_0.pista_id,cb1_0.precio_total from court_bookings cb1_0 where cb1_0.pista_id=? and cb1_0.fecha=? and cb1_0.estado<>'CANCELADA' and cb1_0.hora_inicio<? and cb1_0.hora_fin>?
Hibernate: select cb1_0.id,cb1_0.cliente_id,cb1_0.creada_en,cb1_0.estado,cb1_0.fecha,cb1_0.hora_fin,cb1_0.hora_inicio,cb1_0.pista_id,cb1_0.precio_total from court_bookings cb1_0 where cb1_0.pista_id=? and cb1_0.fecha=? and cb1_0.estado<>'CANCELADA' and cb1_0.hora_inicio<? and cb1_0.hora_fin>?
Hibernate: select cb1_0.id,cb1_0.cliente_id,cb1_0.creada_en,cb1_0.estado,cb1_0.fecha,cb1_0.hora_fin,cb1_0.hora_inicio,cb1_0.pista_id,cb1_0.precio_total from court_bookings cb1_0 where cb1_0.pista_id=? and cb1_0.fecha=? and cb1_0.estado<>'CANCELADA' and cb1_0.hora_inicio<? and cb1_0.hora_fin>?
Hibernate: select cb1_0.id,cb1_0.cliente_id,cb1_0.creada_en,cb1_0.estado,cb1_0.fecha,cb1_0.hora_fin,cb1_0.hora_inicio,cb1_0.pista_id,cb1_0.precio_total from court_bookings cb1_0 where cb1_0.pista_id=? and cb1_0.fecha=? and cb1_0.estado<>'CANCELADA' and cb1_0.hora_inicio<? and cb1_0.hora_fin>?
Hibernate: select cb1_0.id,cb1_0.cliente_id,cb1_0.creada_en,cb1_0.estado,cb1_0.fecha,cb1_0.hora_fin,cb1_0.hora_inicio,cb1_0.pista_id,cb1_0.precio_total from court_bookings cb1_0 where cb1_0.pista_id=? and cb1_0.fecha=? and cb1_0.estado<>'CANCELADA' and cb1_0.hora_inicio<? and cb1_0.hora_fin>?
Hibernate: select cb1_0.id,cb1_0.cliente_id,cb1_0.creada_en,cb1_0.estado,cb1_0.fecha,cb1_0.hora_fin,cb1_0.hora_inicio,cb1_0.pista_id,cb1_0.precio_total from court_bookings cb1_0 where cb1_0.pista_id=? and cb1_0.fecha=? and cb1_0.estado<>'CANCELADA' and cb1_0.hora_inicio<? and cb1_0.hora_fin>?
Hibernate: select cb1_0.id,cb1_0.cliente_id,cb1_0.creada_en,cb1_0.estado,cb1_0.fecha,cb1_0.hora_fin,cb1_0.hora_inicio,cb1_0.pista_id,cb1_0.precio_total from court_bookings cb1_0 where cb1_0.pista_id=? and cb1_0.fecha=? and cb1_0.estado<>'CANCELADA' and cb1_0.hora_inicio<? and cb1_0.hora_fin>?
Hibernate: select cb1_0.id,cb1_0.cliente_id,cb1_0.creada_en,cb1_0.estado,cb1_0.fecha,cb1_0.hora_fin,cb1_0.hora_inicio,cb1_0.pista_id,cb1_0.precio_total from court_bookings cb1_0 where cb1_0.pista_id=? and cb1_0.fecha=? and cb1_0.estado<>'CANCELADA' and cb1_0.hora_inicio<? and cb1_0.hora_fin>?
Hibernate: select cb1_0.id,cb1_0.cliente_id,cb1_0.creada_en,cb1_0.estado,cb1_0.fecha,cb1_0.hora_fin,cb1_0.hora_inicio,cb1_0.pista_id,cb1_0.precio_total from court_bookings cb1_0 where cb1_0.pista_id=? and cb1_0.fecha=? and cb1_0.estado<>'CANCELADA' and cb1_0.hora_inicio<? and cb1_0.hora_fin>?
Hibernate: select cb1_0.id,cb1_0.cliente_id,cb1_0.creada_en,cb1_0.estado,cb1_0.fecha,cb1_0.hora_fin,cb1_0.hora_inicio,cb1_0.pista_id,cb1_0.precio_total from court_bookings cb1_0 where cb1_0.pista_id=? and cb1_0.fecha=? and cb1_0.estado<>'CANCELADA' and cb1_0.hora_inicio<? and cb1_0.hora_fin>?
Hibernate: select cb1_0.id,cb1_0.cliente_id,cb1_0.creada_en,cb1_0.estado,cb1_0.fecha,cb1_0.hora_fin,cb1_0.hora_inicio,cb1_0.pista_id,cb1_0.precio_total from court_bookings cb1_0 where cb1_0.pista_id=? and cb1_0.fecha=? and cb1_0.estado<>'CANCELADA' and cb1_0.hora_inicio<? and cb1_0.hora_fin>?
Hibernate: select cb1_0.id,cb1_0.cliente_id,cb1_0.creada_en,cb1_0.estado,cb1_0.fecha,cb1_0.hora_fin,cb1_0.hora_inicio,cb1_0.pista_id,cb1_0.precio_total from court_bookings cb1_0 where cb1_0.pista_id=? and cb1_0.fecha=? and cb1_0.estado<>'CANCELADA' and cb1_0.hora_inicio<? and cb1_0.hora_fin>?
Hibernate: select cb1_0.id,cb1_0.cliente_id,cb1_0.creada_en,cb1_0.estado,cb1_0.fecha,cb1_0.hora_fin,cb1_0.hora_inicio,cb1_0.pista_id,cb1_0.precio_total from court_bookings cb1_0 where cb1_0.pista_id=? and cb1_0.fecha=? and cb1_0.estado<>'CANCELADA' and cb1_0.hora_inicio<? and cb1_0.hora_fin>?
Hibernate: select cb1_0.id,cb1_0.cliente_id,cb1_0.creada_en,cb1_0.estado,cb1_0.fecha,cb1_0.hora_fin,cb1_0.hora_inicio,cb1_0.pista_id,cb1_0.precio_total from court_bookings cb1_0 where cb1_0.pista_id=? and cb1_0.fecha=? and cb1_0.estado<>'CANCELADA' and cb1_0.hora_inicio<? and cb1_0.hora_fin>?
Hibernate: select cb1_0.id,cb1_0.cliente_id,cb1_0.creada_en,cb1_0.estado,cb1_0.fecha,cb1_0.hora_fin,cb1_0.hora_inicio,cb1_0.pista_id,cb1_0.precio_total from court_bookings cb1_0 where cb1_0.pista_id=? and cb1_0.fecha=? and cb1_0.estado<>'CANCELADA' and cb1_0.hora_inicio<? and cb1_0.hora_fin>?
Hibernate: select cb1_0.id,cb1_0.cliente_id,cb1_0.creada_en,cb1_0.estado,cb1_0.fecha,cb1_0.hora_fin,cb1_0.hora_inicio,cb1_0.pista_id,cb1_0.precio_total from court_bookings cb1_0 where cb1_0.pista_id=? and cb1_0.fecha=? and cb1_0.estado<>'CANCELADA' and cb1_0.hora_inicio<? and cb1_0.hora_fin>?
Hibernate: select cb1_0.id,cb1_0.cliente_id,cb1_0.creada_en,cb1_0.estado,cb1_0.fecha,cb1_0.hora_fin,cb1_0.hora_inicio,cb1_0.pista_id,cb1_0.precio_total from court_bookings cb1_0 where cb1_0.pista_id=? and cb1_0.fecha=? and cb1_0.estado<>'CANCELADA' and cb1_0.hora_inicio<? and cb1_0.hora_fin>?
Hibernate: select cb1_0.id,cb1_0.cliente_id,cb1_0.creada_en,cb1_0.estado,cb1_0.fecha,cb1_0.hora_fin,cb1_0.hora_inicio,cb1_0.pista_id,cb1_0.precio_total from court_bookings cb1_0 where cb1_0.pista_id=? and cb1_0.fecha=? and cb1_0.estado<>'CANCELADA' and cb1_0.hora_inicio<? and cb1_0.hora_fin>?
Hibernate: select cb1_0.id,cb1_0.cliente_id,cb1_0.creada_en,cb1_0.estado,cb1_0.fecha,cb1_0.hora_fin,cb1_0.hora_inicio,cb1_0.pista_id,cb1_0.precio_total from court_bookings cb1_0 where cb1_0.pista_id=? and cb1_0.fecha=? and cb1_0.estado<>'CANCELADA' and cb1_0.hora_inicio<? and cb1_0.hora_fin>?
Hibernate: select cb1_0.id,cb1_0.cliente_id,cb1_0.creada_en,cb1_0.estado,cb1_0.fecha,cb1_0.hora_fin,cb1_0.hora_inicio,cb1_0.pista_id,cb1_0.precio_total from court_bookings cb1_0 where cb1_0.pista_id=? and cb1_0.fecha=? and cb1_0.estado<>'CANCELADA' and cb1_0.hora_inicio<? and cb1_0.hora_fin>?
Hibernate: select cb1_0.id,cb1_0.cliente_id,cb1_0.creada_en,cb1_0.estado,cb1_0.fecha,cb1_0.hora_fin,cb1_0.hora_inicio,cb1_0.pista_id,cb1_0.precio_total from court_bookings cb1_0 where cb1_0.pista_id=? and cb1_0.fecha=? and cb1_0.estado<>'CANCELADA' and cb1_0.hora_inicio<? and cb1_0.hora_fin>?
Hibernate: select cb1_0.id,cb1_0.cliente_id,cb1_0.creada_en,cb1_0.estado,cb1_0.fecha,cb1_0.hora_fin,cb1_0.hora_inicio,cb1_0.pista_id,cb1_0.precio_total from court_bookings cb1_0 where cb1_0.pista_id=? and cb1_0.fecha=? and cb1_0.estado<>'CANCELADA' and cb1_0.hora_inicio<? and cb1_0.hora_fin>?
Hibernate: select cb1_0.id,cb1_0.cliente_id,cb1_0.creada_en,cb1_0.estado,cb1_0.fecha,cb1_0.hora_fin,cb1_0.hora_inicio,cb1_0.pista_id,cb1_0.precio_total from court_bookings cb1_0 where cb1_0.pista_id=? and cb1_0.fecha=? and cb1_0.estado<>'CANCELADA' and cb1_0.hora_inicio<? and cb1_0.hora_fin>?
Hibernate: select cb1_0.id,cb1_0.cliente_id,cb1_0.creada_en,cb1_0.estado,cb1_0.fecha,cb1_0.hora_fin,cb1_0.hora_inicio,cb1_0.pista_id,cb1_0.precio_total from court_bookings cb1_0 where cb1_0.pista_id=? and cb1_0.fecha=? and cb1_0.estado<>'CANCELADA' and cb1_0.hora_inicio<? and cb1_0.hora_fin>?
Hibernate: select cb1_0.id,cb1_0.cliente_id,cb1_0.creada_en,cb1_0.estado,cb1_0.fecha,cb1_0.hora_fin,cb1_0.hora_inicio,cb1_0.pista_id,cb1_0.precio_total from court_bookings cb1_0 where cb1_0.pista_id=? and cb1_0.fecha=? and cb1_0.estado<>'CANCELADA' and cb1_0.hora_inicio<? and cb1_0.hora_fin>?
Hibernate: select cb1_0.id,cb1_0.cliente_id,cb1_0.creada_en,cb1_0.estado,cb1_0.fecha,cb1_0.hora_fin,cb1_0.hora_inicio,cb1_0.pista_id,cb1_0.precio_total from court_bookings cb1_0 where cb1_0.pista_id=? and cb1_0.fecha=? and cb1_0.estado<>'CANCELADA' and cb1_0.hora_inicio<? and cb1_0.hora_fin>?
Hibernate: select cb1_0.id,cb1_0.cliente_id,cb1_0.creada_en,cb1_0.estado,cb1_0.fecha,cb1_0.hora_fin,cb1_0.hora_inicio,cb1_0.pista_id,cb1_0.precio_total from court_bookings cb1_0 where cb1_0.pista_id=? and cb1_0.fecha=? and cb1_0.estado<>'CANCELADA' and cb1_0.hora_inicio<? and cb1_0.hora_fin>?
Hibernate: select cb1_0.id,cb1_0.cliente_id,cb1_0.creada_en,cb1_0.estado,cb1_0.fecha,cb1_0.hora_fin,cb1_0.hora_inicio,cb1_0.pista_id,cb1_0.precio_total from court_bookings cb1_0 where cb1_0.pista_id=? and cb1_0.fecha=? and cb1_0.estado<>'CANCELADA' and cb1_0.hora_inicio<? and cb1_0.hora_fin>?
Hibernate: select cb1_0.id,cb1_0.cliente_id,cb1_0.creada_en,cb1_0.estado,cb1_0.fecha,cb1_0.hora_fin,cb1_0.hora_inicio,cb1_0.pista_id,cb1_0.precio_total from court_bookings cb1_0 where cb1_0.pista_id=? and cb1_0.fecha=? and cb1_0.estado<>'CANCELADA' and cb1_0.hora_inicio<? and cb1_0.hora_fin>?
Hibernate: select cb1_0.id,cb1_0.cliente_id,cb1_0.creada_en,cb1_0.estado,cb1_0.fecha,cb1_0.hora_fin,cb1_0.hora_inicio,cb1_0.pista_id,cb1_0.precio_total from court_bookings cb1_0 where cb1_0.pista_id=? and cb1_0.fecha=? and cb1_0.estado<>'CANCELADA' and cb1_0.hora_inicio<? and cb1_0.hora_fin>?
Hibernate: select cb1_0.id,cb1_0.cliente_id,cb1_0.creada_en,cb1_0.estado,cb1_0.fecha,cb1_0.hora_fin,cb1_0.hora_inicio,cb1_0.pista_id,cb1_0.precio_total from court_bookings cb1_0 where cb1_0.pista_id=? and cb1_0.fecha=? and cb1_0.estado<>'CANCELADA' and cb1_0.hora_inicio<? and cb1_0.hora_fin>?
Hibernate: select cb1_0.id,cb1_0.cliente_id,cb1_0.creada_en,cb1_0.estado,cb1_0.fecha,cb1_0.hora_fin,cb1_0.hora_inicio,cb1_0.pista_id,cb1_0.precio_total from court_bookings cb1_0 where cb1_0.pista_id=? and cb1_0.fecha=? and cb1_0.estado<>'CANCELADA' and cb1_0.hora_inicio<? and cb1_0.hora_fin>?
Hibernate: select cb1_0.id,cb1_0.cliente_id,cb1_0.creada_en,cb1_0.estado,cb1_0.fecha,cb1_0.hora_fin,cb1_0.hora_inicio,cb1_0.pista_id,cb1_0.precio_total from court_bookings cb1_0 where cb1_0.pista_id=? and cb1_0.fecha=? and cb1_0.estado<>'CANCELADA' and cb1_0.hora_inicio<? and cb1_0.hora_fin>?
Hibernate: select cb1_0.id,cb1_0.cliente_id,cb1_0.creada_en,cb1_0.estado,cb1_0.fecha,cb1_0.hora_fin,cb1_0.hora_inicio,cb1_0.pista_id,cb1_0.precio_total from court_bookings cb1_0 where cb1_0.pista_id=? and cb1_0.fecha=? and cb1_0.estado<>'CANCELADA' and cb1_0.hora_inicio<? and cb1_0.hora_fin>?
Hibernate: select cb1_0.id,cb1_0.cliente_id,cb1_0.creada_en,cb1_0.estado,cb1_0.fecha,cb1_0.hora_fin,cb1_0.hora_inicio,cb1_0.pista_id,cb1_0.precio_total from court_bookings cb1_0 where cb1_0.pista_id=? and cb1_0.fecha=? and cb1_0.estado<>'CANCELADA' and cb1_0.hora_inicio<? and cb1_0.hora_fin>?
Hibernate: select cb1_0.id,cb1_0.cliente_id,cb1_0.creada_en,cb1_0.estado,cb1_0.fecha,cb1_0.hora_fin,cb1_0.hora_inicio,cb1_0.pista_id,cb1_0.precio_total from court_bookings cb1_0 where cb1_0.pista_id=? and cb1_0.fecha=? and cb1_0.estado<>'CANCELADA' and cb1_0.hora_inicio<? and cb1_0.hora_fin>?
Hibernate: select cb1_0.id,cb1_0.cliente_id,cb1_0.creada_en,cb1_0.estado,cb1_0.fecha,cb1_0.hora_fin,cb1_0.hora_inicio,cb1_0.pista_id,cb1_0.precio_total from court_bookings cb1_0 where cb1_0.pista_id=? and cb1_0.fecha=? and cb1_0.estado<>'CANCELADA' and cb1_0.hora_inicio<? and cb1_0.hora_fin>?
Hibernate: select cb1_0.id,cb1_0.cliente_id,cb1_0.creada_en,cb1_0.estado,cb1_0.fecha,cb1_0.hora_fin,cb1_0.hora_inicio,cb1_0.pista_id,cb1_0.precio_total from court_bookings cb1_0 where cb1_0.pista_id=? and cb1_0.fecha=? and cb1_0.estado<>'CANCELADA' and cb1_0.hora_inicio<? and cb1_0.hora_fin>?
Hibernate: select cb1_0.id,cb1_0.cliente_id,cb1_0.creada_en,cb1_0.estado,cb1_0.fecha,cb1_0.hora_fin,cb1_0.hora_inicio,cb1_0.pista_id,cb1_0.precio_total from court_bookings cb1_0 where cb1_0.pista_id=? and cb1_0.fecha=? and cb1_0.estado<>'CANCELADA' and cb1_0.hora_inicio<? and cb1_0.hora_fin>?
Hibernate: select cb1_0.id,cb1_0.cliente_id,cb1_0.creada_en,cb1_0.estado,cb1_0.fecha,cb1_0.hora_fin,cb1_0.hora_inicio,cb1_0.pista_id,cb1_0.precio_total from court_bookings cb1_0 where cb1_0.pista_id=? and cb1_0.fecha=? and cb1_0.estado<>'CANCELADA' and cb1_0.hora_inicio<? and cb1_0.hora_fin>?
Hibernate: select cb1_0.id,cb1_0.cliente_id,cb1_0.creada_en,cb1_0.estado,cb1_0.fecha,cb1_0.hora_fin,cb1_0.hora_inicio,cb1_0.pista_id,cb1_0.precio_total from court_bookings cb1_0 where cb1_0.pista_id=? and cb1_0.fecha=? and cb1_0.estado<>'CANCELADA' and cb1_0.hora_inicio<? and cb1_0.hora_fin>?
Hibernate: select cb1_0.id,cb1_0.cliente_id,cb1_0.creada_en,cb1_0.estado,cb1_0.fecha,cb1_0.hora_fin,cb1_0.hora_inicio,cb1_0.pista_id,cb1_0.precio_total from court_bookings cb1_0 where cb1_0.pista_id=? and cb1_0.fecha=? and cb1_0.estado<>'CANCELADA' and cb1_0.hora_inicio<? and cb1_0.hora_fin>?
Hibernate: select cb1_0.id,cb1_0.cliente_id,cb1_0.creada_en,cb1_0.estado,cb1_0.fecha,cb1_0.hora_fin,cb1_0.hora_inicio,cb1_0.pista_id,cb1_0.precio_total from court_bookings cb1_0 where cb1_0.pista_id=? and cb1_0.fecha=? and cb1_0.estado<>'CANCELADA' and cb1_0.hora_inicio<? and cb1_0.hora_fin>?
Hibernate: select cb1_0.id,cb1_0.cliente_id,cb1_0.creada_en,cb1_0.estado,cb1_0.fecha,cb1_0.hora_fin,cb1_0.hora_inicio,cb1_0.pista_id,cb1_0.precio_total from court_bookings cb1_0 where cb1_0.pista_id=? and cb1_0.fecha=? and cb1_0.estado<>'CANCELADA' and cb1_0.hora_inicio<? and cb1_0.hora_fin>?
Hibernate: select cb1_0.id,cb1_0.cliente_id,cb1_0.creada_en,cb1_0.estado,cb1_0.fecha,cb1_0.hora_fin,cb1_0.hora_inicio,cb1_0.pista_id,cb1_0.precio_total from court_bookings cb1_0 where cb1_0.pista_id=? and cb1_0.fecha=? and cb1_0.estado<>'CANCELADA' and cb1_0.hora_inicio<? and cb1_0.hora_fin>?
Hibernate: select cb1_0.id,cb1_0.cliente_id,cb1_0.creada_en,cb1_0.estado,cb1_0.fecha,cb1_0.hora_fin,cb1_0.hora_inicio,cb1_0.pista_id,cb1_0.precio_total from court_bookings cb1_0 where cb1_0.pista_id=? and cb1_0.fecha=? and cb1_0.estado<>'CANCELADA' and cb1_0.hora_inicio<? and cb1_0.hora_fin>?
Hibernate: select cb1_0.id,cb1_0.cliente_id,cb1_0.creada_en,cb1_0.estado,cb1_0.fecha,cb1_0.hora_fin,cb1_0.hora_inicio,cb1_0.pista_id,cb1_0.precio_total from court_bookings cb1_0 where cb1_0.pista_id=? and cb1_0.fecha=? and cb1_0.estado<>'CANCELADA' and cb1_0.hora_inicio<? and cb1_0.hora_fin>?
Hibernate: select cb1_0.id,cb1_0.cliente_id,cb1_0.creada_en,cb1_0.estado,cb1_0.fecha,cb1_0.hora_fin,cb1_0.hora_inicio,cb1_0.pista_id,cb1_0.precio_total from court_bookings cb1_0 where cb1_0.pista_id=? and cb1_0.fecha=? and cb1_0.estado<>'CANCELADA' and cb1_0.hora_inicio<? and cb1_0.hora_fin>?
Hibernate: select cb1_0.id,cb1_0.cliente_id,cb1_0.creada_en,cb1_0.estado,cb1_0.fecha,cb1_0.hora_fin,cb1_0.hora_inicio,cb1_0.pista_id,cb1_0.precio_total from court_bookings cb1_0 where cb1_0.pista_id=? and cb1_0.fecha=? and cb1_0.estado<>'CANCELADA' and cb1_0.hora_inicio<? and cb1_0.hora_fin>?
Hibernate: select cb1_0.id,cb1_0.cliente_id,cb1_0.creada_en,cb1_0.estado,cb1_0.fecha,cb1_0.hora_fin,cb1_0.hora_inicio,cb1_0.pista_id,cb1_0.precio_total from court_bookings cb1_0 where cb1_0.pista_id=? and cb1_0.fecha=? and cb1_0.estado<>'CANCELADA' and cb1_0.hora_inicio<? and cb1_0.hora_fin>?
Hibernate: select cb1_0.id,cb1_0.cliente_id,cb1_0.creada_en,cb1_0.estado,cb1_0.fecha,cb1_0.hora_fin,cb1_0.hora_inicio,cb1_0.pista_id,cb1_0.precio_total from court_bookings cb1_0 where cb1_0.pista_id=? and cb1_0.fecha=? and cb1_0.estado<>'CANCELADA' and cb1_0.hora_inicio<? and cb1_0.hora_fin>?
Hibernate: select cb1_0.id,cb1_0.cliente_id,cb1_0.creada_en,cb1_0.estado,cb1_0.fecha,cb1_0.hora_fin,cb1_0.hora_inicio,cb1_0.pista_id,cb1_0.precio_total from court_bookings cb1_0 where cb1_0.pista_id=? and cb1_0.fecha=? and cb1_0.estado<>'CANCELADA' and cb1_0.hora_inicio<? and cb1_0.hora_fin>?
Hibernate: select cb1_0.id,cb1_0.cliente_id,cb1_0.creada_en,cb1_0.estado,cb1_0.fecha,cb1_0.hora_fin,cb1_0.hora_inicio,cb1_0.pista_id,cb1_0.precio_total from court_bookings cb1_0 where cb1_0.pista_id=? and cb1_0.fecha=? and cb1_0.estado<>'CANCELADA' and cb1_0.hora_inicio<? and cb1_0.hora_fin>?
Hibernate: select cb1_0.id,cb1_0.cliente_id,cb1_0.creada_en,cb1_0.estado,cb1_0.fecha,cb1_0.hora_fin,cb1_0.hora_inicio,cb1_0.pista_id,cb1_0.precio_total from court_bookings cb1_0 where cb1_0.pista_id=? and cb1_0.fecha=? and cb1_0.estado<>'CANCELADA' and cb1_0.hora_inicio<? and cb1_0.hora_fin>?
Hibernate: select cb1_0.id,cb1_0.cliente_id,cb1_0.creada_en,cb1_0.estado,cb1_0.fecha,cb1_0.hora_fin,cb1_0.hora_inicio,cb1_0.pista_id,cb1_0.precio_total from court_bookings cb1_0 where cb1_0.pista_id=? and cb1_0.fecha=? and cb1_0.estado<>'CANCELADA' and cb1_0.hora_inicio<? and cb1_0.hora_fin>?
Hibernate: select cb1_0.id,cb1_0.cliente_id,cb1_0.creada_en,cb1_0.estado,cb1_0.fecha,cb1_0.hora_fin,cb1_0.hora_inicio,cb1_0.pista_id,cb1_0.precio_total from court_bookings cb1_0 where cb1_0.pista_id=? and cb1_0.fecha=? and cb1_0.estado<>'CANCELADA' and cb1_0.hora_inicio<? and cb1_0.hora_fin>?
Hibernate: select cb1_0.id,cb1_0.cliente_id,cb1_0.creada_en,cb1_0.estado,cb1_0.fecha,cb1_0.hora_fin,cb1_0.hora_inicio,cb1_0.pista_id,cb1_0.precio_total from court_bookings cb1_0 where cb1_0.pista_id=? and cb1_0.fecha=? and cb1_0.estado<>'CANCELADA' and cb1_0.hora_inicio<? and cb1_0.hora_fin>?
Hibernate: select cb1_0.id,cb1_0.cliente_id,cb1_0.creada_en,cb1_0.estado,cb1_0.fecha,cb1_0.hora_fin,cb1_0.hora_inicio,cb1_0.pista_id,cb1_0.precio_total from court_bookings cb1_0 where cb1_0.pista_id=? and cb1_0.fecha=? and cb1_0.estado<>'CANCELADA' and cb1_0.hora_inicio<? and cb1_0.hora_fin>?
Hibernate: select cb1_0.id,cb1_0.cliente_id,cb1_0.creada_en,cb1_0.estado,cb1_0.fecha,cb1_0.hora_fin,cb1_0.hora_inicio,cb1_0.pista_id,cb1_0.precio_total from court_bookings cb1_0 where cb1_0.pista_id=? and cb1_0.fecha=? and cb1_0.estado<>'CANCELADA' and cb1_0.hora_inicio<? and cb1_0.hora_fin>?
Hibernate: select cb1_0.id,cb1_0.cliente_id,cb1_0.creada_en,cb1_0.estado,cb1_0.fecha,cb1_0.hora_fin,cb1_0.hora_inicio,cb1_0.pista_id,cb1_0.precio_total from court_bookings cb1_0 where cb1_0.pista_id=? and cb1_0.fecha=? and cb1_0.estado<>'CANCELADA' and cb1_0.hora_inicio<? and cb1_0.hora_fin>?
Hibernate: select cb1_0.id,cb1_0.cliente_id,cb1_0.creada_en,cb1_0.estado,cb1_0.fecha,cb1_0.hora_fin,cb1_0.hora_inicio,cb1_0.pista_id,cb1_0.precio_total from court_bookings cb1_0 where cb1_0.pista_id=? and cb1_0.fecha=? and cb1_0.estado<>'CANCELADA' and cb1_0.hora_inicio<? and cb1_0.hora_fin>?
Hibernate: select cb1_0.id,cb1_0.cliente_id,cb1_0.creada_en,cb1_0.estado,cb1_0.fecha,cb1_0.hora_fin,cb1_0.hora_inicio,cb1_0.pista_id,cb1_0.precio_total from court_bookings cb1_0 where cb1_0.pista_id=? and cb1_0.fecha=? and cb1_0.estado<>'CANCELADA' and cb1_0.hora_inicio<? and cb1_0.hora_fin>?
Hibernate: select cb1_0.id,cb1_0.cliente_id,cb1_0.creada_en,cb1_0.estado,cb1_0.fecha,cb1_0.hora_fin,cb1_0.hora_inicio,cb1_0.pista_id,cb1_0.precio_total from court_bookings cb1_0 where cb1_0.pista_id=? and cb1_0.fecha=? and cb1_0.estado<>'CANCELADA' and cb1_0.hora_inicio<? and cb1_0.hora_fin>?
Hibernate: select cb1_0.id,cb1_0.cliente_id,cb1_0.creada_en,cb1_0.estado,cb1_0.fecha,cb1_0.hora_fin,cb1_0.hora_inicio,cb1_0.pista_id,cb1_0.precio_total from court_bookings cb1_0 where cb1_0.pista_id=? and cb1_0.fecha=? and cb1_0.estado<>'CANCELADA' and cb1_0.hora_inicio<? and cb1_0.hora_fin>?
Hibernate: select cb1_0.id,cb1_0.cliente_id,cb1_0.creada_en,cb1_0.estado,cb1_0.fecha,cb1_0.hora_fin,cb1_0.hora_inicio,cb1_0.pista_id,cb1_0.precio_total from court_bookings cb1_0 where cb1_0.pista_id=? and cb1_0.fecha=? and cb1_0.estado<>'CANCELADA' and cb1_0.hora_inicio<? and cb1_0.hora_fin>?
Hibernate: select cb1_0.id,cb1_0.cliente_id,cb1_0.creada_en,cb1_0.estado,cb1_0.fecha,cb1_0.hora_fin,cb1_0.hora_inicio,cb1_0.pista_id,cb1_0.precio_total from court_bookings cb1_0 where cb1_0.pista_id=? and cb1_0.fecha=? and cb1_0.estado<>'CANCELADA' and cb1_0.hora_inicio<? and cb1_0.hora_fin>?
Hibernate: select cb1_0.id,cb1_0.cliente_id,cb1_0.creada_en,cb1_0.estado,cb1_0.fecha,cb1_0.hora_fin,cb1_0.hora_inicio,cb1_0.pista_id,cb1_0.precio_total from court_bookings cb1_0 where cb1_0.pista_id=? and cb1_0.fecha=? and cb1_0.estado<>'CANCELADA' and cb1_0.hora_inicio<? and cb1_0.hora_fin>?
Hibernate: select cb1_0.id,cb1_0.cliente_id,cb1_0.creada_en,cb1_0.estado,cb1_0.fecha,cb1_0.hora_fin,cb1_0.hora_inicio,cb1_0.pista_id,cb1_0.precio_total from court_bookings cb1_0 where cb1_0.pista_id=? and cb1_0.fecha=? and cb1_0.estado<>'CANCELADA' and cb1_0.hora_inicio<? and cb1_0.hora_fin>?
Hibernate: select cb1_0.id,cb1_0.cliente_id,cb1_0.creada_en,cb1_0.estado,cb1_0.fecha,cb1_0.hora_fin,cb1_0.hora_inicio,cb1_0.pista_id,cb1_0.precio_total from court_bookings cb1_0 where cb1_0.pista_id=? and cb1_0.fecha=? and cb1_0.estado<>'CANCELADA' and cb1_0.hora_inicio<? and cb1_0.hora_fin>?
Hibernate: select cb1_0.id,cb1_0.cliente_id,cb1_0.creada_en,cb1_0.estado,cb1_0.fecha,cb1_0.hora_fin,cb1_0.hora_inicio,cb1_0.pista_id,cb1_0.precio_total from court_bookings cb1_0 where cb1_0.pista_id=? and cb1_0.fecha=? and cb1_0.estado<>'CANCELADA' and cb1_0.hora_inicio<? and cb1_0.hora_fin>?
Hibernate: select cb1_0.id,cb1_0.cliente_id,cb1_0.creada_en,cb1_0.estado,cb1_0.fecha,cb1_0.hora_fin,cb1_0.hora_inicio,cb1_0.pista_id,cb1_0.precio_total from court_bookings cb1_0 where cb1_0.pista_id=? and cb1_0.fecha=? and cb1_0.estado<>'CANCELADA' and cb1_0.hora_inicio<? and cb1_0.hora_fin>?
Hibernate: select cb1_0.id,cb1_0.cliente_id,cb1_0.creada_en,cb1_0.estado,cb1_0.fecha,cb1_0.hora_fin,cb1_0.hora_inicio,cb1_0.pista_id,cb1_0.precio_total from court_bookings cb1_0 where cb1_0.pista_id=? and cb1_0.fecha=? and cb1_0.estado<>'CANCELADA' and cb1_0.hora_inicio<? and cb1_0.hora_fin>?
Hibernate: select cb1_0.id,cb1_0.cliente_id,cb1_0.creada_en,cb1_0.estado,cb1_0.fecha,cb1_0.hora_fin,cb1_0.hora_inicio,cb1_0.pista_id,cb1_0.precio_total from court_bookings cb1_0 where cb1_0.pista_id=? and cb1_0.fecha=? and cb1_0.estado<>'CANCELADA' and cb1_0.hora_inicio<? and cb1_0.hora_fin>?
Hibernate: select cb1_0.id,cb1_0.cliente_id,cb1_0.creada_en,cb1_0.estado,cb1_0.fecha,cb1_0.hora_fin,cb1_0.hora_inicio,cb1_0.pista_id,cb1_0.precio_total from court_bookings cb1_0 where cb1_0.pista_id=? and cb1_0.fecha=? and cb1_0.estado<>'CANCELADA' and cb1_0.hora_inicio<? and cb1_0.hora_fin>?
Hibernate: select cb1_0.id,cb1_0.cliente_id,cb1_0.creada_en,cb1_0.estado,cb1_0.fecha,cb1_0.hora_fin,cb1_0.hora_inicio,cb1_0.pista_id,cb1_0.precio_total from court_bookings cb1_0 where cb1_0.pista_id=? and cb1_0.fecha=? and cb1_0.estado<>'CANCELADA' and cb1_0.hora_inicio<? and cb1_0.hora_fin>?
Hibernate: select cb1_0.id,cb1_0.cliente_id,cb1_0.creada_en,cb1_0.estado,cb1_0.fecha,cb1_0.hora_fin,cb1_0.hora_inicio,cb1_0.pista_id,cb1_0.precio_total from court_bookings cb1_0 where cb1_0.pista_id=? and cb1_0.fecha=? and cb1_0.estado<>'CANCELADA' and cb1_0.hora_inicio<? and cb1_0.hora_fin>?
Hibernate: select cb1_0.id,cb1_0.cliente_id,cb1_0.creada_en,cb1_0.estado,cb1_0.fecha,cb1_0.hora_fin,cb1_0.hora_inicio,cb1_0.pista_id,cb1_0.precio_total from court_bookings cb1_0 where cb1_0.pista_id=? and cb1_0.fecha=? and cb1_0.estado<>'CANCELADA' and cb1_0.hora_inicio<? and cb1_0.hora_fin>?
Hibernate: select cb1_0.id,cb1_0.cliente_id,cb1_0.creada_en,cb1_0.estado,cb1_0.fecha,cb1_0.hora_fin,cb1_0.hora_inicio,cb1_0.pista_id,cb1_0.precio_total from court_bookings cb1_0 where cb1_0.pista_id=? and cb1_0.fecha=? and cb1_0.estado<>'CANCELADA' and cb1_0.hora_inicio<? and cb1_0.hora_fin>?
Hibernate: select cb1_0.id,cb1_0.cliente_id,cb1_0.creada_en,cb1_0.estado,cb1_0.fecha,cb1_0.hora_fin,cb1_0.hora_inicio,cb1_0.pista_id,cb1_0.precio_total from court_bookings cb1_0 where cb1_0.pista_id=? and cb1_0.fecha=? and cb1_0.estado<>'CANCELADA' and cb1_0.hora_inicio<? and cb1_0.hora_fin>?
Hibernate: select cb1_0.id,cb1_0.cliente_id,cb1_0.creada_en,cb1_0.estado,cb1_0.fecha,cb1_0.hora_fin,cb1_0.hora_inicio,cb1_0.pista_id,cb1_0.precio_total from court_bookings cb1_0 where cb1_0.pista_id=? and cb1_0.fecha=? and cb1_0.estado<>'CANCELADA' and cb1_0.hora_inicio<? and cb1_0.hora_fin>?
Hibernate: select cb1_0.id,cb1_0.cliente_id,cb1_0.creada_en,cb1_0.estado,cb1_0.fecha,cb1_0.hora_fin,cb1_0.hora_inicio,cb1_0.pista_id,cb1_0.precio_total from court_bookings cb1_0 where cb1_0.pista_id=? and cb1_0.fecha=? and cb1_0.estado<>'CANCELADA' and cb1_0.hora_inicio<? and cb1_0.hora_fin>?
Hibernate: select cb1_0.id,cb1_0.cliente_id,cb1_0.creada_en,cb1_0.estado,cb1_0.fecha,cb1_0.hora_fin,cb1_0.hora_inicio,cb1_0.pista_id,cb1_0.precio_total from court_bookings cb1_0 where cb1_0.pista_id=? and cb1_0.fecha=? and cb1_0.estado<>'CANCELADA' and cb1_0.hora_inicio<? and cb1_0.hora_fin>?
Hibernate: select cb1_0.id,cb1_0.cliente_id,cb1_0.creada_en,cb1_0.estado,cb1_0.fecha,cb1_0.hora_fin,cb1_0.hora_inicio,cb1_0.pista_id,cb1_0.precio_total from court_bookings cb1_0 where cb1_0.pista_id=? and cb1_0.fecha=? and cb1_0.estado<>'CANCELADA' and cb1_0.hora_inicio<? and cb1_0.hora_fin>?
Hibernate: select cb1_0.id,cb1_0.cliente_id,cb1_0.creada_en,cb1_0.estado,cb1_0.fecha,cb1_0.hora_fin,cb1_0.hora_inicio,cb1_0.pista_id,cb1_0.precio_total from court_bookings cb1_0 where cb1_0.pista_id=? and cb1_0.fecha=? and cb1_0.estado<>'CANCELADA' and cb1_0.hora_inicio<? and cb1_0.hora_fin>?
Hibernate: select cb1_0.id,cb1_0.cliente_id,cb1_0.creada_en,cb1_0.estado,cb1_0.fecha,cb1_0.hora_fin,cb1_0.hora_inicio,cb1_0.pista_id,cb1_0.precio_total from court_bookings cb1_0 where cb1_0.pista_id=? and cb1_0.fecha=? and cb1_0.estado<>'CANCELADA' and cb1_0.hora_inicio<? and cb1_0.hora_fin>?
Hibernate: select cb1_0.id,cb1_0.cliente_id,cb1_0.creada_en,cb1_0.estado,cb1_0.fecha,cb1_0.hora_fin,cb1_0.hora_inicio,cb1_0.pista_id,cb1_0.precio_total from court_bookings cb1_0 where cb1_0.pista_id=? and cb1_0.fecha=? and cb1_0.estado<>'CANCELADA' and cb1_0.hora_inicio<? and cb1_0.hora_fin>?
Hibernate: select cb1_0.id,cb1_0.cliente_id,cb1_0.creada_en,cb1_0.estado,cb1_0.fecha,cb1_0.hora_fin,cb1_0.hora_inicio,cb1_0.pista_id,cb1_0.precio_total from court_bookings cb1_0 where cb1_0.pista_id=? and cb1_0.fecha=? and cb1_0.estado<>'CANCELADA' and cb1_0.hora_inicio<? and cb1_0.hora_fin>?
Hibernate: select cb1_0.id,cb1_0.cliente_id,cb1_0.creada_en,cb1_0.estado,cb1_0.fecha,cb1_0.hora_fin,cb1_0.hora_inicio,cb1_0.pista_id,cb1_0.precio_total from court_bookings cb1_0 where cb1_0.pista_id=? and cb1_0.fecha=? and cb1_0.estado<>'CANCELADA' and cb1_0.hora_inicio<? and cb1_0.hora_fin>?
Hibernate: select cb1_0.id,cb1_0.cliente_id,cb1_0.creada_en,cb1_0.estado,cb1_0.fecha,cb1_0.hora_fin,cb1_0.hora_inicio,cb1_0.pista_id,cb1_0.precio_total from court_bookings cb1_0 where cb1_0.pista_id=? and cb1_0.fecha=? and cb1_0.estado<>'CANCELADA' and cb1_0.hora_inicio<? and cb1_0.hora_fin>?
Hibernate: select cb1_0.id,cb1_0.cliente_id,cb1_0.creada_en,cb1_0.estado,cb1_0.fecha,cb1_0.hora_fin,cb1_0.hora_inicio,cb1_0.pista_id,cb1_0.precio_total from court_bookings cb1_0 where cb1_0.pista_id=? and cb1_0.fecha=? and cb1_0.estado<>'CANCELADA' and cb1_0.hora_inicio<? and cb1_0.hora_fin>?
Hibernate: select cb1_0.id,cb1_0.cliente_id,cb1_0.creada_en,cb1_0.estado,cb1_0.fecha,cb1_0.hora_fin,cb1_0.hora_inicio,cb1_0.pista_id,cb1_0.precio_total from court_bookings cb1_0 where cb1_0.pista_id=? and cb1_0.fecha=? and cb1_0.estado<>'CANCELADA' and cb1_0.hora_inicio<? and cb1_0.hora_fin>?
Hibernate: select cb1_0.id,cb1_0.cliente_id,cb1_0.creada_en,cb1_0.estado,cb1_0.fecha,cb1_0.hora_fin,cb1_0.hora_inicio,cb1_0.pista_id,cb1_0.precio_total from court_bookings cb1_0 where cb1_0.pista_id=? and cb1_0.fecha=? and cb1_0.estado<>'CANCELADA' and cb1_0.hora_inicio<? and cb1_0.hora_fin>?
Hibernate: select cb1_0.id,cb1_0.cliente_id,cb1_0.creada_en,cb1_0.estado,cb1_0.fecha,cb1_0.hora_fin,cb1_0.hora_inicio,cb1_0.pista_id,cb1_0.precio_total from court_bookings cb1_0 where cb1_0.pista_id=? and cb1_0.fecha=? and cb1_0.estado<>'CANCELADA' and cb1_0.hora_inicio<? and cb1_0.hora_fin>?
Hibernate: select cb1_0.id,cb1_0.cliente_id,cb1_0.creada_en,cb1_0.estado,cb1_0.fecha,cb1_0.hora_fin,cb1_0.hora_inicio,cb1_0.pista_id,cb1_0.precio_total from court_bookings cb1_0 where cb1_0.pista_id=? and cb1_0.fecha=? and cb1_0.estado<>'CANCELADA' and cb1_0.hora_inicio<? and cb1_0.hora_fin>?
Hibernate: select cb1_0.id,cb1_0.cliente_id,cb1_0.creada_en,cb1_0.estado,cb1_0.fecha,cb1_0.hora_fin,cb1_0.hora_inicio,cb1_0.pista_id,cb1_0.precio_total from court_bookings cb1_0 where cb1_0.pista_id=? and cb1_0.fecha=? and cb1_0.estado<>'CANCELADA' and cb1_0.hora_inicio<? and cb1_0.hora_fin>?
Hibernate: select cb1_0.id,cb1_0.cliente_id,cb1_0.creada_en,cb1_0.estado,cb1_0.fecha,cb1_0.hora_fin,cb1_0.hora_inicio,cb1_0.pista_id,cb1_0.precio_total from court_bookings cb1_0 where cb1_0.pista_id=? and cb1_0.fecha=? and cb1_0.estado<>'CANCELADA' and cb1_0.hora_inicio<? and cb1_0.hora_fin>?
Hibernate: select cb1_0.id,cb1_0.cliente_id,cb1_0.creada_en,cb1_0.estado,cb1_0.fecha,cb1_0.hora_fin,cb1_0.hora_inicio,cb1_0.pista_id,cb1_0.precio_total from court_bookings cb1_0 where cb1_0.pista_id=? and cb1_0.fecha=? and cb1_0.estado<>'CANCELADA' and cb1_0.hora_inicio<? and cb1_0.hora_fin>?
Hibernate: select cb1_0.id,cb1_0.cliente_id,cb1_0.creada_en,cb1_0.estado,cb1_0.fecha,cb1_0.hora_fin,cb1_0.hora_inicio,cb1_0.pista_id,cb1_0.precio_total from court_bookings cb1_0 where cb1_0.pista_id=? and cb1_0.fecha=? and cb1_0.estado<>'CANCELADA' and cb1_0.hora_inicio<? and cb1_0.hora_fin>?
Hibernate: select cb1_0.id,cb1_0.cliente_id,cb1_0.creada_en,cb1_0.estado,cb1_0.fecha,cb1_0.hora_fin,cb1_0.hora_inicio,cb1_0.pista_id,cb1_0.precio_total from court_bookings cb1_0 where cb1_0.pista_id=? and cb1_0.fecha=? and cb1_0.estado<>'CANCELADA' and cb1_0.hora_inicio<? and cb1_0.hora_fin>?
Hibernate: select cb1_0.id,cb1_0.cliente_id,cb1_0.creada_en,cb1_0.estado,cb1_0.fecha,cb1_0.hora_fin,cb1_0.hora_inicio,cb1_0.pista_id,cb1_0.precio_total from court_bookings cb1_0 where cb1_0.pista_id=? and cb1_0.fecha=? and cb1_0.estado<>'CANCELADA' and cb1_0.hora_inicio<? and cb1_0.hora_fin>?
Hibernate: select cb1_0.id,cb1_0.cliente_id,cb1_0.creada_en,cb1_0.estado,cb1_0.fecha,cb1_0.hora_fin,cb1_0.hora_inicio,cb1_0.pista_id,cb1_0.precio_total from court_bookings cb1_0 where cb1_0.pista_id=? and cb1_0.fecha=? and cb1_0.estado<>'CANCELADA' and cb1_0.hora_inicio<? and cb1_0.hora_fin>?
Hibernate: select cb1_0.id,cb1_0.cliente_id,cb1_0.creada_en,cb1_0.estado,cb1_0.fecha,cb1_0.hora_fin,cb1_0.hora_inicio,cb1_0.pista_id,cb1_0.precio_total from court_bookings cb1_0 where cb1_0.pista_id=? and cb1_0.fecha=? and cb1_0.estado<>'CANCELADA' and cb1_0.hora_inicio<? and cb1_0.hora_fin>?
Hibernate: select cb1_0.id,cb1_0.cliente_id,cb1_0.creada_en,cb1_0.estado,cb1_0.fecha,cb1_0.hora_fin,cb1_0.hora_inicio,cb1_0.pista_id,cb1_0.precio_total from court_bookings cb1_0 where cb1_0.pista_id=? and cb1_0.fecha=? and cb1_0.estado<>'CANCELADA' and cb1_0.hora_inicio<? and cb1_0.hora_fin>?
Hibernate: select cb1_0.id,cb1_0.cliente_id,cb1_0.creada_en,cb1_0.estado,cb1_0.fecha,cb1_0.hora_fin,cb1_0.hora_inicio,cb1_0.pista_id,cb1_0.precio_total from court_bookings cb1_0 where cb1_0.pista_id=? and cb1_0.fecha=? and cb1_0.estado<>'CANCELADA' and cb1_0.hora_inicio<? and cb1_0.hora_fin>?
Hibernate: select cb1_0.id,cb1_0.cliente_id,cb1_0.creada_en,cb1_0.estado,cb1_0.fecha,cb1_0.hora_fin,cb1_0.hora_inicio,cb1_0.pista_id,cb1_0.precio_total from court_bookings cb1_0 where cb1_0.pista_id=? and cb1_0.fecha=? and cb1_0.estado<>'CANCELADA' and cb1_0.hora_inicio<? and cb1_0.hora_fin>?
Hibernate: select cb1_0.id,cb1_0.cliente_id,cb1_0.creada_en,cb1_0.estado,cb1_0.fecha,cb1_0.hora_fin,cb1_0.hora_inicio,cb1_0.pista_id,cb1_0.precio_total from court_bookings cb1_0 where cb1_0.pista_id=? and cb1_0.fecha=? and cb1_0.estado<>'CANCELADA' and cb1_0.hora_inicio<? and cb1_0.hora_fin>?
Hibernate: select cb1_0.id,cb1_0.cliente_id,cb1_0.creada_en,cb1_0.estado,cb1_0.fecha,cb1_0.hora_fin,cb1_0.hora_inicio,cb1_0.pista_id,cb1_0.precio_total from court_bookings cb1_0 where cb1_0.pista_id=? and cb1_0.fecha=? and cb1_0.estado<>'CANCELADA' and cb1_0.hora_inicio<? and cb1_0.hora_fin>?
Hibernate: select cb1_0.id,cb1_0.cliente_id,cb1_0.creada_en,cb1_0.estado,cb1_0.fecha,cb1_0.hora_fin,cb1_0.hora_inicio,cb1_0.pista_id,cb1_0.precio_total from court_bookings cb1_0 where cb1_0.pista_id=? and cb1_0.fecha=? and cb1_0.estado<>'CANCELADA' and cb1_0.hora_inicio<? and cb1_0.hora_fin>?
Hibernate: select cb1_0.id,cb1_0.cliente_id,cb1_0.creada_en,cb1_0.estado,cb1_0.fecha,cb1_0.hora_fin,cb1_0.hora_inicio,cb1_0.pista_id,cb1_0.precio_total from court_bookings cb1_0 where cb1_0.pista_id=? and cb1_0.fecha=? and cb1_0.estado<>'CANCELADA' and cb1_0.hora_inicio<? and cb1_0.hora_fin>?
Hibernate: select cb1_0.id,cb1_0.cliente_id,cb1_0.creada_en,cb1_0.estado,cb1_0.fecha,cb1_0.hora_fin,cb1_0.hora_inicio,cb1_0.pista_id,cb1_0.precio_total from court_bookings cb1_0 where cb1_0.pista_id=? and cb1_0.fecha=? and cb1_0.estado<>'CANCELADA' and cb1_0.hora_inicio<? and cb1_0.hora_fin>?
Hibernate: select cb1_0.id,cb1_0.cliente_id,cb1_0.creada_en,cb1_0.estado,cb1_0.fecha,cb1_0.hora_fin,cb1_0.hora_inicio,cb1_0.pista_id,cb1_0.precio_total from court_bookings cb1_0 where cb1_0.pista_id=? and cb1_0.fecha=? and cb1_0.estado<>'CANCELADA' and cb1_0.hora_inicio<? and cb1_0.hora_fin>?
Hibernate: select cb1_0.id,cb1_0.cliente_id,cb1_0.creada_en,cb1_0.estado,cb1_0.fecha,cb1_0.hora_fin,cb1_0.hora_inicio,cb1_0.pista_id,cb1_0.precio_total from court_bookings cb1_0 where cb1_0.pista_id=? and cb1_0.fecha=? and cb1_0.estado<>'CANCELADA' and cb1_0.hora_inicio<? and cb1_0.hora_fin>?
Hibernate: select cb1_0.id,cb1_0.cliente_id,cb1_0.creada_en,cb1_0.estado,cb1_0.fecha,cb1_0.hora_fin,cb1_0.hora_inicio,cb1_0.pista_id,cb1_0.precio_total from court_bookings cb1_0 where cb1_0.pista_id=? and cb1_0.fecha=? and cb1_0.estado<>'CANCELADA' and cb1_0.hora_inicio<? and cb1_0.hora_fin>?
Hibernate: select cb1_0.id,cb1_0.cliente_id,cb1_0.creada_en,cb1_0.estado,cb1_0.fecha,cb1_0.hora_fin,cb1_0.hora_inicio,cb1_0.pista_id,cb1_0.precio_total from court_bookings cb1_0 where cb1_0.pista_id=? and cb1_0.fecha=? and cb1_0.estado<>'CANCELADA' and cb1_0.hora_inicio<? and cb1_0.hora_fin>?
Hibernate: select cb1_0.id,cb1_0.cliente_id,cb1_0.creada_en,cb1_0.estado,cb1_0.fecha,cb1_0.hora_fin,cb1_0.hora_inicio,cb1_0.pista_id,cb1_0.precio_total from court_bookings cb1_0 where cb1_0.pista_id=? and cb1_0.fecha=? and cb1_0.estado<>'CANCELADA' and cb1_0.hora_inicio<? and cb1_0.hora_fin>?
Hibernate: select cb1_0.id,cb1_0.cliente_id,cb1_0.creada_en,cb1_0.estado,cb1_0.fecha,cb1_0.hora_fin,cb1_0.hora_inicio,cb1_0.pista_id,cb1_0.precio_total from court_bookings cb1_0 where cb1_0.pista_id=? and cb1_0.fecha=? and cb1_0.estado<>'CANCELADA' and cb1_0.hora_inicio<? and cb1_0.hora_fin>?
Hibernate: select cb1_0.id,cb1_0.cliente_id,cb1_0.creada_en,cb1_0.estado,cb1_0.fecha,cb1_0.hora_fin,cb1_0.hora_inicio,cb1_0.pista_id,cb1_0.precio_total from court_bookings cb1_0 where cb1_0.pista_id=? and cb1_0.fecha=? and cb1_0.estado<>'CANCELADA' and cb1_0.hora_inicio<? and cb1_0.hora_fin>?
Hibernate: select cb1_0.id,cb1_0.cliente_id,cb1_0.creada_en,cb1_0.estado,cb1_0.fecha,cb1_0.hora_fin,cb1_0.hora_inicio,cb1_0.pista_id,cb1_0.precio_total from court_bookings cb1_0 where cb1_0.pista_id=? and cb1_0.fecha=? and cb1_0.estado<>'CANCELADA' and cb1_0.hora_inicio<? and cb1_0.hora_fin>?
Hibernate: select cb1_0.id,cb1_0.cliente_id,cb1_0.creada_en,cb1_0.estado,cb1_0.fecha,cb1_0.hora_fin,cb1_0.hora_inicio,cb1_0.pista_id,cb1_0.precio_total from court_bookings cb1_0 where cb1_0.pista_id=? and cb1_0.fecha=? and cb1_0.estado<>'CANCELADA' and cb1_0.hora_inicio<? and cb1_0.hora_fin>?
Hibernate: select cb1_0.id,cb1_0.cliente_id,cb1_0.creada_en,cb1_0.estado,cb1_0.fecha,cb1_0.hora_fin,cb1_0.hora_inicio,cb1_0.pista_id,cb1_0.precio_total from court_bookings cb1_0 where cb1_0.pista_id=? and cb1_0.fecha=? and cb1_0.estado<>'CANCELADA' and cb1_0.hora_inicio<? and cb1_0.hora_fin>?
Hibernate: select cb1_0.id,cb1_0.cliente_id,cb1_0.creada_en,cb1_0.estado,cb1_0.fecha,cb1_0.hora_fin,cb1_0.hora_inicio,cb1_0.pista_id,cb1_0.precio_total from court_bookings cb1_0 where cb1_0.pista_id=? and cb1_0.fecha=? and cb1_0.estado<>'CANCELADA' and cb1_0.hora_inicio<? and cb1_0.hora_fin>?
Hibernate: select cb1_0.id,cb1_0.cliente_id,cb1_0.creada_en,cb1_0.estado,cb1_0.fecha,cb1_0.hora_fin,cb1_0.hora_inicio,cb1_0.pista_id,cb1_0.precio_total from court_bookings cb1_0 where cb1_0.pista_id=? and cb1_0.fecha=? and cb1_0.estado<>'CANCELADA' and cb1_0.hora_inicio<? and cb1_0.hora_fin>?
Hibernate: select cb1_0.id,cb1_0.cliente_id,cb1_0.creada_en,cb1_0.estado,cb1_0.fecha,cb1_0.hora_fin,cb1_0.hora_inicio,cb1_0.pista_id,cb1_0.precio_total from court_bookings cb1_0 where cb1_0.pista_id=? and cb1_0.fecha=? and cb1_0.estado<>'CANCELADA' and cb1_0.hora_inicio<? and cb1_0.hora_fin>?
Hibernate: select cb1_0.id,cb1_0.cliente_id,cb1_0.creada_en,cb1_0.estado,cb1_0.fecha,cb1_0.hora_fin,cb1_0.hora_inicio,cb1_0.pista_id,cb1_0.precio_total from court_bookings cb1_0 where cb1_0.pista_id=? and cb1_0.fecha=? and cb1_0.estado<>'CANCELADA' and cb1_0.hora_inicio<? and cb1_0.hora_fin>?
Hibernate: select cb1_0.id,cb1_0.cliente_id,cb1_0.creada_en,cb1_0.estado,cb1_0.fecha,cb1_0.hora_fin,cb1_0.hora_inicio,cb1_0.pista_id,cb1_0.precio_total from court_bookings cb1_0 where cb1_0.pista_id=? and cb1_0.fecha=? and cb1_0.estado<>'CANCELADA' and cb1_0.hora_inicio<? and cb1_0.hora_fin>?
Hibernate: select cb1_0.id,cb1_0.cliente_id,cb1_0.creada_en,cb1_0.estado,cb1_0.fecha,cb1_0.hora_fin,cb1_0.hora_inicio,cb1_0.pista_id,cb1_0.precio_total from court_bookings cb1_0 where cb1_0.pista_id=? and cb1_0.fecha=? and cb1_0.estado<>'CANCELADA' and cb1_0.hora_inicio<? and cb1_0.hora_fin>?
Hibernate: select cb1_0.id,cb1_0.cliente_id,cb1_0.creada_en,cb1_0.estado,cb1_0.fecha,cb1_0.hora_fin,cb1_0.hora_inicio,cb1_0.pista_id,cb1_0.precio_total from court_bookings cb1_0 where cb1_0.pista_id=? and cb1_0.fecha=? and cb1_0.estado<>'CANCELADA' and cb1_0.hora_inicio<? and cb1_0.hora_fin>?
Hibernate: select cb1_0.id,cb1_0.cliente_id,cb1_0.creada_en,cb1_0.estado,cb1_0.fecha,cb1_0.hora_fin,cb1_0.hora_inicio,cb1_0.pista_id,cb1_0.precio_total from court_bookings cb1_0 where cb1_0.pista_id=? and cb1_0.fecha=? and cb1_0.estado<>'CANCELADA' and cb1_0.hora_inicio<? and cb1_0.hora_fin>?
Hibernate: select cb1_0.id,cb1_0.cliente_id,cb1_0.creada_en,cb1_0.estado,cb1_0.fecha,cb1_0.hora_fin,cb1_0.hora_inicio,cb1_0.pista_id,cb1_0.precio_total from court_bookings cb1_0 where cb1_0.pista_id=? and cb1_0.fecha=? and cb1_0.estado<>'CANCELADA' and cb1_0.hora_inicio<? and cb1_0.hora_fin>?
Hibernate: select cb1_0.id,cb1_0.cliente_id,cb1_0.creada_en,cb1_0.estado,cb1_0.fecha,cb1_0.hora_fin,cb1_0.hora_inicio,cb1_0.pista_id,cb1_0.precio_total from court_bookings cb1_0 where cb1_0.pista_id=? and cb1_0.fecha=? and cb1_0.estado<>'CANCELADA' and cb1_0.hora_inicio<? and cb1_0.hora_fin>?
Hibernate: select cb1_0.id,cb1_0.cliente_id,cb1_0.creada_en,cb1_0.estado,cb1_0.fecha,cb1_0.hora_fin,cb1_0.hora_inicio,cb1_0.pista_id,cb1_0.precio_total from court_bookings cb1_0 where cb1_0.pista_id=? and cb1_0.fecha=? and cb1_0.estado<>'CANCELADA' and cb1_0.hora_inicio<? and cb1_0.hora_fin>?
Hibernate: select cb1_0.id,cb1_0.cliente_id,cb1_0.creada_en,cb1_0.estado,cb1_0.fecha,cb1_0.hora_fin,cb1_0.hora_inicio,cb1_0.pista_id,cb1_0.precio_total from court_bookings cb1_0 where cb1_0.pista_id=? and cb1_0.fecha=? and cb1_0.estado<>'CANCELADA' and cb1_0.hora_inicio<? and cb1_0.hora_fin>?
Hibernate: select cb1_0.id,cb1_0.cliente_id,cb1_0.creada_en,cb1_0.estado,cb1_0.fecha,cb1_0.hora_fin,cb1_0.hora_inicio,cb1_0.pista_id,cb1_0.precio_total from court_bookings cb1_0 where cb1_0.pista_id=? and cb1_0.fecha=? and cb1_0.estado<>'CANCELADA' and cb1_0.hora_inicio<? and cb1_0.hora_fin>?
Hibernate: select cb1_0.id,cb1_0.cliente_id,cb1_0.creada_en,cb1_0.estado,cb1_0.fecha,cb1_0.hora_fin,cb1_0.hora_inicio,cb1_0.pista_id,cb1_0.precio_total from court_bookings cb1_0 where cb1_0.pista_id=? and cb1_0.fecha=? and cb1_0.estado<>'CANCELADA' and cb1_0.hora_inicio<? and cb1_0.hora_fin>?
Hibernate: select cb1_0.id,cb1_0.cliente_id,cb1_0.creada_en,cb1_0.estado,cb1_0.fecha,cb1_0.hora_fin,cb1_0.hora_inicio,cb1_0.pista_id,cb1_0.precio_total from court_bookings cb1_0 where cb1_0.pista_id=? and cb1_0.fecha=? and cb1_0.estado<>'CANCELADA' and cb1_0.hora_inicio<? and cb1_0.hora_fin>?
Hibernate: select cb1_0.id,cb1_0.cliente_id,cb1_0.creada_en,cb1_0.estado,cb1_0.fecha,cb1_0.hora_fin,cb1_0.hora_inicio,cb1_0.pista_id,cb1_0.precio_total from court_bookings cb1_0 where cb1_0.pista_id=? and cb1_0.fecha=? and cb1_0.estado<>'CANCELADA' and cb1_0.hora_inicio<? and cb1_0.hora_fin>?
Hibernate: select cb1_0.id,cb1_0.cliente_id,cb1_0.creada_en,cb1_0.estado,cb1_0.fecha,cb1_0.hora_fin,cb1_0.hora_inicio,cb1_0.pista_id,cb1_0.precio_total from court_bookings cb1_0 where cb1_0.pista_id=? and cb1_0.fecha=? and cb1_0.estado<>'CANCELADA' and cb1_0.hora_inicio<? and cb1_0.hora_fin>?
Hibernate: select cb1_0.id,cb1_0.cliente_id,cb1_0.creada_en,cb1_0.estado,cb1_0.fecha,cb1_0.hora_fin,cb1_0.hora_inicio,cb1_0.pista_id,cb1_0.precio_total from court_bookings cb1_0 where cb1_0.pista_id=? and cb1_0.fecha=? and cb1_0.estado<>'CANCELADA' and cb1_0.hora_inicio<? and cb1_0.hora_fin>?
Hibernate: select cb1_0.id,cb1_0.cliente_id,cb1_0.creada_en,cb1_0.estado,cb1_0.fecha,cb1_0.hora_fin,cb1_0.hora_inicio,cb1_0.pista_id,cb1_0.precio_total from court_bookings cb1_0 where cb1_0.pista_id=? and cb1_0.fecha=? and cb1_0.estado<>'CANCELADA' and cb1_0.hora_inicio<? and cb1_0.hora_fin>?
Hibernate: select cb1_0.id,cb1_0.cliente_id,cb1_0.creada_en,cb1_0.estado,cb1_0.fecha,cb1_0.hora_fin,cb1_0.hora_inicio,cb1_0.pista_id,cb1_0.precio_total from court_bookings cb1_0 where cb1_0.pista_id=? and cb1_0.fecha=? and cb1_0.estado<>'CANCELADA' and cb1_0.hora_inicio<? and cb1_0.hora_fin>?
Hibernate: select cb1_0.id,cb1_0.cliente_id,cb1_0.creada_en,cb1_0.estado,cb1_0.fecha,cb1_0.hora_fin,cb1_0.hora_inicio,cb1_0.pista_id,cb1_0.precio_total from court_bookings cb1_0 where cb1_0.pista_id=? and cb1_0.fecha=? and cb1_0.estado<>'CANCELADA' and cb1_0.hora_inicio<? and cb1_0.hora_fin>?
Hibernate: select cb1_0.id,cb1_0.cliente_id,cb1_0.creada_en,cb1_0.estado,cb1_0.fecha,cb1_0.hora_fin,cb1_0.hora_inicio,cb1_0.pista_id,cb1_0.precio_total from court_bookings cb1_0 where cb1_0.pista_id=? and cb1_0.fecha=? and cb1_0.estado<>'CANCELADA' and cb1_0.hora_inicio<? and cb1_0.hora_fin>?
Hibernate: select cb1_0.id,cb1_0.cliente_id,cb1_0.creada_en,cb1_0.estado,cb1_0.fecha,cb1_0.hora_fin,cb1_0.hora_inicio,cb1_0.pista_id,cb1_0.precio_total from court_bookings cb1_0 where cb1_0.pista_id=? and cb1_0.fecha=? and cb1_0.estado<>'CANCELADA' and cb1_0.hora_inicio<? and cb1_0.hora_fin>?
Hibernate: select cb1_0.id,cb1_0.cliente_id,cb1_0.creada_en,cb1_0.estado,cb1_0.fecha,cb1_0.hora_fin,cb1_0.hora_inicio,cb1_0.pista_id,cb1_0.precio_total from court_bookings cb1_0 where cb1_0.pista_id=? and cb1_0.fecha=? and cb1_0.estado<>'CANCELADA' and cb1_0.hora_inicio<? and cb1_0.hora_fin>?
Hibernate: select cb1_0.id,cb1_0.cliente_id,cb1_0.creada_en,cb1_0.estado,cb1_0.fecha,cb1_0.hora_fin,cb1_0.hora_inicio,cb1_0.pista_id,cb1_0.precio_total from court_bookings cb1_0 where cb1_0.pista_id=? and cb1_0.fecha=? and cb1_0.estado<>'CANCELADA' and cb1_0.hora_inicio<? and cb1_0.hora_fin>?
Hibernate: select cb1_0.id,cb1_0.cliente_id,cb1_0.creada_en,cb1_0.estado,cb1_0.fecha,cb1_0.hora_fin,cb1_0.hora_inicio,cb1_0.pista_id,cb1_0.precio_total from court_bookings cb1_0 where cb1_0.pista_id=? and cb1_0.fecha=? and cb1_0.estado<>'CANCELADA' and cb1_0.hora_inicio<? and cb1_0.hora_fin>?
Hibernate: select cb1_0.id,cb1_0.cliente_id,cb1_0.creada_en,cb1_0.estado,cb1_0.fecha,cb1_0.hora_fin,cb1_0.hora_inicio,cb1_0.pista_id,cb1_0.precio_total from court_bookings cb1_0 where cb1_0.pista_id=? and cb1_0.fecha=? and cb1_0.estado<>'CANCELADA' and cb1_0.hora_inicio<? and cb1_0.hora_fin>?
Hibernate: select cb1_0.id,cb1_0.cliente_id,cb1_0.creada_en,cb1_0.estado,cb1_0.fecha,cb1_0.hora_fin,cb1_0.hora_inicio,cb1_0.pista_id,cb1_0.precio_total from court_bookings cb1_0 where cb1_0.pista_id=? and cb1_0.fecha=? and cb1_0.estado<>'CANCELADA' and cb1_0.hora_inicio<? and cb1_0.hora_fin>?
Hibernate: select cb1_0.id,cb1_0.cliente_id,cb1_0.creada_en,cb1_0.estado,cb1_0.fecha,cb1_0.hora_fin,cb1_0.hora_inicio,cb1_0.pista_id,cb1_0.precio_total from court_bookings cb1_0 where cb1_0.pista_id=? and cb1_0.fecha=? and cb1_0.estado<>'CANCELADA' and cb1_0.hora_inicio<? and cb1_0.hora_fin>?
Hibernate: select cb1_0.id,cb1_0.cliente_id,cb1_0.creada_en,cb1_0.estado,cb1_0.fecha,cb1_0.hora_fin,cb1_0.hora_inicio,cb1_0.pista_id,cb1_0.precio_total from court_bookings cb1_0 where cb1_0.pista_id=? and cb1_0.fecha=? and cb1_0.estado<>'CANCELADA' and cb1_0.hora_inicio<? and cb1_0.hora_fin>?
Hibernate: select cb1_0.id,cb1_0.cliente_id,cb1_0.creada_en,cb1_0.estado,cb1_0.fecha,cb1_0.hora_fin,cb1_0.hora_inicio,cb1_0.pista_id,cb1_0.precio_total from court_bookings cb1_0 where cb1_0.pista_id=? and cb1_0.fecha=? and cb1_0.estado<>'CANCELADA' and cb1_0.hora_inicio<? and cb1_0.hora_fin>?
Hibernate: select cb1_0.id,cb1_0.cliente_id,cb1_0.creada_en,cb1_0.estado,cb1_0.fecha,cb1_0.hora_fin,cb1_0.hora_inicio,cb1_0.pista_id,cb1_0.precio_total from court_bookings cb1_0 where cb1_0.pista_id=? and cb1_0.fecha=? and cb1_0.estado<>'CANCELADA' and cb1_0.hora_inicio<? and cb1_0.hora_fin>?
Hibernate: select cb1_0.id,cb1_0.cliente_id,cb1_0.creada_en,cb1_0.estado,cb1_0.fecha,cb1_0.hora_fin,cb1_0.hora_inicio,cb1_0.pista_id,cb1_0.precio_total from court_bookings cb1_0 where cb1_0.pista_id=? and cb1_0.fecha=? and cb1_0.estado<>'CANCELADA' and cb1_0.hora_inicio<? and cb1_0.hora_fin>?
Hibernate: select cb1_0.id,cb1_0.cliente_id,cb1_0.creada_en,cb1_0.estado,cb1_0.fecha,cb1_0.hora_fin,cb1_0.hora_inicio,cb1_0.pista_id,cb1_0.precio_total from court_bookings cb1_0 where cb1_0.pista_id=? and cb1_0.fecha=? and cb1_0.estado<>'CANCELADA' and cb1_0.hora_inicio<? and cb1_0.hora_fin>?
Hibernate: select cb1_0.id,cb1_0.cliente_id,cb1_0.creada_en,cb1_0.estado,cb1_0.fecha,cb1_0.hora_fin,cb1_0.hora_inicio,cb1_0.pista_id,cb1_0.precio_total from court_bookings cb1_0 where cb1_0.pista_id=? and cb1_0.fecha=? and cb1_0.estado<>'CANCELADA' and cb1_0.hora_inicio<? and cb1_0.hora_fin>?
Hibernate: select cb1_0.id,cb1_0.cliente_id,cb1_0.creada_en,cb1_0.estado,cb1_0.fecha,cb1_0.hora_fin,cb1_0.hora_inicio,cb1_0.pista_id,cb1_0.precio_total from court_bookings cb1_0 where cb1_0.pista_id=? and cb1_0.fecha=? and cb1_0.estado<>'CANCELADA' and cb1_0.hora_inicio<? and cb1_0.hora_fin>?
Hibernate: select cb1_0.id,cb1_0.cliente_id,cb1_0.creada_en,cb1_0.estado,cb1_0.fecha,cb1_0.hora_fin,cb1_0.hora_inicio,cb1_0.pista_id,cb1_0.precio_total from court_bookings cb1_0 where cb1_0.pista_id=? and cb1_0.fecha=? and cb1_0.estado<>'CANCELADA' and cb1_0.hora_inicio<? and cb1_0.hora_fin>?
Hibernate: select cb1_0.id,cb1_0.cliente_id,cb1_0.creada_en,cb1_0.estado,cb1_0.fecha,cb1_0.hora_fin,cb1_0.hora_inicio,cb1_0.pista_id,cb1_0.precio_total from court_bookings cb1_0 where cb1_0.pista_id=? and cb1_0.fecha=? and cb1_0.estado<>'CANCELADA' and cb1_0.hora_inicio<? and cb1_0.hora_fin>?
Hibernate: select cb1_0.id,cb1_0.cliente_id,cb1_0.creada_en,cb1_0.estado,cb1_0.fecha,cb1_0.hora_fin,cb1_0.hora_inicio,cb1_0.pista_id,cb1_0.precio_total from court_bookings cb1_0 where cb1_0.pista_id=? and cb1_0.fecha=? and cb1_0.estado<>'CANCELADA' and cb1_0.hora_inicio<? and cb1_0.hora_fin>?
Hibernate: select cb1_0.id,cb1_0.cliente_id,cb1_0.creada_en,cb1_0.estado,cb1_0.fecha,cb1_0.hora_fin,cb1_0.hora_inicio,cb1_0.pista_id,cb1_0.precio_total from court_bookings cb1_0 where cb1_0.pista_id=? and cb1_0.fecha=? and cb1_0.estado<>'CANCELADA' and cb1_0.hora_inicio<? and cb1_0.hora_fin>?
Hibernate: select cb1_0.id,cb1_0.cliente_id,cb1_0.creada_en,cb1_0.estado,cb1_0.fecha,cb1_0.hora_fin,cb1_0.hora_inicio,cb1_0.pista_id,cb1_0.precio_total from court_bookings cb1_0 where cb1_0.pista_id=? and cb1_0.fecha=? and cb1_0.estado<>'CANCELADA' and cb1_0.hora_inicio<? and cb1_0.hora_fin>?
Hibernate: select cb1_0.id,cb1_0.cliente_id,cb1_0.creada_en,cb1_0.estado,cb1_0.fecha,cb1_0.hora_fin,cb1_0.hora_inicio,cb1_0.pista_id,cb1_0.precio_total from court_bookings cb1_0 where cb1_0.pista_id=? and cb1_0.fecha=? and cb1_0.estado<>'CANCELADA' and cb1_0.hora_inicio<? and cb1_0.hora_fin>?
Hibernate: select cb1_0.id,cb1_0.cliente_id,cb1_0.creada_en,cb1_0.estado,cb1_0.fecha,cb1_0.hora_fin,cb1_0.hora_inicio,cb1_0.pista_id,cb1_0.precio_total from court_bookings cb1_0 where cb1_0.pista_id=? and cb1_0.fecha=? and cb1_0.estado<>'CANCELADA' and cb1_0.hora_inicio<? and cb1_0.hora_fin>?
Hibernate: select cb1_0.id,cb1_0.cliente_id,cb1_0.creada_en,cb1_0.estado,cb1_0.fecha,cb1_0.hora_fin,cb1_0.hora_inicio,cb1_0.pista_id,cb1_0.precio_total from court_bookings cb1_0 where cb1_0.pista_id=? and cb1_0.fecha=? and cb1_0.estado<>'CANCELADA' and cb1_0.hora_inicio<? and cb1_0.hora_fin>?
Hibernate: select cb1_0.id,cb1_0.cliente_id,cb1_0.creada_en,cb1_0.estado,cb1_0.fecha,cb1_0.hora_fin,cb1_0.hora_inicio,cb1_0.pista_id,cb1_0.precio_total from court_bookings cb1_0 where cb1_0.pista_id=? and cb1_0.fecha=? and cb1_0.estado<>'CANCELADA' and cb1_0.hora_inicio<? and cb1_0.hora_fin>?
Hibernate: select cb1_0.id,cb1_0.cliente_id,cb1_0.creada_en,cb1_0.estado,cb1_0.fecha,cb1_0.hora_fin,cb1_0.hora_inicio,cb1_0.pista_id,cb1_0.precio_total from court_bookings cb1_0 where cb1_0.pista_id=? and cb1_0.fecha=? and cb1_0.estado<>'CANCELADA' and cb1_0.hora_inicio<? and cb1_0.hora_fin>?
Hibernate: select cb1_0.id,cb1_0.cliente_id,cb1_0.creada_en,cb1_0.estado,cb1_0.fecha,cb1_0.hora_fin,cb1_0.hora_inicio,cb1_0.pista_id,cb1_0.precio_total from court_bookings cb1_0 where cb1_0.pista_id=? and cb1_0.fecha=? and cb1_0.estado<>'CANCELADA' and cb1_0.hora_inicio<? and cb1_0.hora_fin>?
Hibernate: select cb1_0.id,cb1_0.cliente_id,cb1_0.creada_en,cb1_0.estado,cb1_0.fecha,cb1_0.hora_fin,cb1_0.hora_inicio,cb1_0.pista_id,cb1_0.precio_total from court_bookings cb1_0 where cb1_0.pista_id=? and cb1_0.fecha=? and cb1_0.estado<>'CANCELADA' and cb1_0.hora_inicio<? and cb1_0.hora_fin>?
Hibernate: select cb1_0.id,cb1_0.cliente_id,cb1_0.creada_en,cb1_0.estado,cb1_0.fecha,cb1_0.hora_fin,cb1_0.hora_inicio,cb1_0.pista_id,cb1_0.precio_total from court_bookings cb1_0 where cb1_0.pista_id=? and cb1_0.fecha=? and cb1_0.estado<>'CANCELADA' and cb1_0.hora_inicio<? and cb1_0.hora_fin>?
Hibernate: select cb1_0.id,cb1_0.cliente_id,cb1_0.creada_en,cb1_0.estado,cb1_0.fecha,cb1_0.hora_fin,cb1_0.hora_inicio,cb1_0.pista_id,cb1_0.precio_total from court_bookings cb1_0 where cb1_0.pista_id=? and cb1_0.fecha=? and cb1_0.estado<>'CANCELADA' and cb1_0.hora_inicio<? and cb1_0.hora_fin>?
Hibernate: select cb1_0.id,cb1_0.cliente_id,cb1_0.creada_en,cb1_0.estado,cb1_0.fecha,cb1_0.hora_fin,cb1_0.hora_inicio,cb1_0.pista_id,cb1_0.precio_total from court_bookings cb1_0 where cb1_0.pista_id=? and cb1_0.fecha=? and cb1_0.estado<>'CANCELADA' and cb1_0.hora_inicio<? and cb1_0.hora_fin>?
Hibernate: select cb1_0.id,cb1_0.cliente_id,cb1_0.creada_en,cb1_0.estado,cb1_0.fecha,cb1_0.hora_fin,cb1_0.hora_inicio,cb1_0.pista_id,cb1_0.precio_total from court_bookings cb1_0 where cb1_0.pista_id=? and cb1_0.fecha=? and cb1_0.estado<>'CANCELADA' and cb1_0.hora_inicio<? and cb1_0.hora_fin>?
Hibernate: select cb1_0.id,cb1_0.cliente_id,cb1_0.creada_en,cb1_0.estado,cb1_0.fecha,cb1_0.hora_fin,cb1_0.hora_inicio,cb1_0.pista_id,cb1_0.precio_total from court_bookings cb1_0 where cb1_0.pista_id=? and cb1_0.fecha=? and cb1_0.estado<>'CANCELADA' and cb1_0.hora_inicio<? and cb1_0.hora_fin>?
Hibernate: select cb1_0.id,cb1_0.cliente_id,cb1_0.creada_en,cb1_0.estado,cb1_0.fecha,cb1_0.hora_fin,cb1_0.hora_inicio,cb1_0.pista_id,cb1_0.precio_total from court_bookings cb1_0 where cb1_0.pista_id=? and cb1_0.fecha=? and cb1_0.estado<>'CANCELADA' and cb1_0.hora_inicio<? and cb1_0.hora_fin>?
Hibernate: select cb1_0.id,cb1_0.cliente_id,cb1_0.creada_en,cb1_0.estado,cb1_0.fecha,cb1_0.hora_fin,cb1_0.hora_inicio,cb1_0.pista_id,cb1_0.precio_total from court_bookings cb1_0 where cb1_0.pista_id=? and cb1_0.fecha=? and cb1_0.estado<>'CANCELADA' and cb1_0.hora_inicio<? and cb1_0.hora_fin>?
Hibernate: select cb1_0.id,cb1_0.cliente_id,cb1_0.creada_en,cb1_0.estado,cb1_0.fecha,cb1_0.hora_fin,cb1_0.hora_inicio,cb1_0.pista_id,cb1_0.precio_total from court_bookings cb1_0 where cb1_0.pista_id=? and cb1_0.fecha=? and cb1_0.estado<>'CANCELADA' and cb1_0.hora_inicio<? and cb1_0.hora_fin>?
Hibernate: select cb1_0.id,cb1_0.cliente_id,cb1_0.creada_en,cb1_0.estado,cb1_0.fecha,cb1_0.hora_fin,cb1_0.hora_inicio,cb1_0.pista_id,cb1_0.precio_total from court_bookings cb1_0 where cb1_0.pista_id=? and cb1_0.fecha=? and cb1_0.estado<>'CANCELADA' and cb1_0.hora_inicio<? and cb1_0.hora_fin>?
Hibernate: select cb1_0.id,cb1_0.cliente_id,cb1_0.creada_en,cb1_0.estado,cb1_0.fecha,cb1_0.hora_fin,cb1_0.hora_inicio,cb1_0.pista_id,cb1_0.precio_total from court_bookings cb1_0 where cb1_0.pista_id=? and cb1_0.fecha=? and cb1_0.estado<>'CANCELADA' and cb1_0.hora_inicio<? and cb1_0.hora_fin>?
Hibernate: select cb1_0.id,cb1_0.cliente_id,cb1_0.creada_en,cb1_0.estado,cb1_0.fecha,cb1_0.hora_fin,cb1_0.hora_inicio,cb1_0.pista_id,cb1_0.precio_total from court_bookings cb1_0 where cb1_0.pista_id=? and cb1_0.fecha=? and cb1_0.estado<>'CANCELADA' and cb1_0.hora_inicio<? and cb1_0.hora_fin>?
Hibernate: select cb1_0.id,cb1_0.cliente_id,cb1_0.creada_en,cb1_0.estado,cb1_0.fecha,cb1_0.hora_fin,cb1_0.hora_inicio,cb1_0.pista_id,cb1_0.precio_total from court_bookings cb1_0 where cb1_0.pista_id=? and cb1_0.fecha=? and cb1_0.estado<>'CANCELADA' and cb1_0.hora_inicio<? and cb1_0.hora_fin>?
[...]
Hibernate: select cb1_0.id,cb1_0.cliente_id,cb1_0.creada_en,cb1_0.estado,cb1_0.fecha,cb1_0.hora_fin,cb1_0.hora_inicio,cb1_0.pista_id,cb1_0.precio_total from court_bookings cb1_0 where cb1_0.pista_id=? and cb1_0.fecha=? and cb1_0.estado<>'CANCELADA' and cb1_0.hora_inicio<? and cb1_0.hora_fin>?
Hibernate: select cb1_0.id,cb1_0.cliente_id,cb1_0.creada_en,cb1_0.estado,cb1_0.fecha,cb1_0.hora_fin,cb1_0.hora_inicio,cb1_0.pista_id,cb1_0.precio_total from court_bookings cb1_0 where cb1_0.pista_id=? and cb1_0.fecha=? and cb1_0.estado<>'CANCELADA' and cb1_0.hora_inicio<? and cb1_0.hora_fin>?
Hibernate: select cb1_0.id,cb1_0.cliente_id,cb1_0.creada_en,cb1_0.estado,cb1_0.fecha,cb1_0.hora_fin,cb1_0.hora_inicio,cb1_0.pista_id,cb1_0.precio_total from court_bookings cb1_0 where cb1_0.pista_id=? and cb1_0.fecha=? and cb1_0.estado<>'CANCELADA' and cb1_0.hora_inicio<? and cb1_0.hora_fin>?
Hibernate: select cb1_0.id,cb1_0.cliente_id,cb1_0.creada_en,cb1_0.estado,cb1_0.fecha,cb1_0.hora_fin,cb1_0.hora_inicio,cb1_0.pista_id,cb1_0.precio_total from court_bookings cb1_0 where cb1_0.pista_id=? and cb1_0.fecha=? and cb1_0.estado<>'CANCELADA' and cb1_0.hora_inicio<? and cb1_0.hora_fin>?
Hibernate: select cb1_0.id,cb1_0.cliente_id,cb1_0.creada_en,cb1_0.estado,cb1_0.fecha,cb1_0.hora_fin,cb1_0.hora_inicio,cb1_0.pista_id,cb1_0.precio_total from court_bookings cb1_0 where cb1_0.pista_id=? and cb1_0.fecha=? and cb1_0.estado<>'CANCELADA' and cb1_0.hora_inicio<? and cb1_0.hora_fin>?
Hibernate: select cb1_0.id,cb1_0.cliente_id,cb1_0.creada_en,cb1_0.estado,cb1_0.fecha,cb1_0.hora_fin,cb1_0.hora_inicio,cb1_0.pista_id,cb1_0.precio_total from court_bookings cb1_0 where cb1_0.pista_id=? and cb1_0.fecha=? and cb1_0.estado<>'CANCELADA' and cb1_0.hora_inicio<? and cb1_0.hora_fin>?
Hibernate: select cb1_0.id,cb1_0.cliente_id,cb1_0.creada_en,cb1_0.estado,cb1_0.fecha,cb1_0.hora_fin,cb1_0.hora_inicio,cb1_0.pista_id,cb1_0.precio_total from court_bookings cb1_0 where cb1_0.pista_id=? and cb1_0.fecha=? and cb1_0.estado<>'CANCELADA' and cb1_0.hora_inicio<? and cb1_0.hora_fin>?
Hibernate: select cb1_0.id,cb1_0.cliente_id,cb1_0.creada_en,cb1_0.estado,cb1_0.fecha,cb1_0.hora_fin,cb1_0.hora_inicio,cb1_0.pista_id,cb1_0.precio_total from court_bookings cb1_0 where cb1_0.pista_id=? and cb1_0.fecha=? and cb1_0.estado<>'CANCELADA' and cb1_0.hora_inicio<? and cb1_0.hora_fin>?
Hibernate: select cb1_0.id,cb1_0.cliente_id,cb1_0.creada_en,cb1_0.estado,cb1_0.fecha,cb1_0.hora_fin,cb1_0.hora_inicio,cb1_0.pista_id,cb1_0.precio_total from court_bookings cb1_0 where cb1_0.pista_id=? and cb1_0.fecha=? and cb1_0.estado<>'CANCELADA' and cb1_0.hora_inicio<? and cb1_0.hora_fin>?
Hibernate: select cb1_0.id,cb1_0.cliente_id,cb1_0.creada_en,cb1_0.estado,cb1_0.fecha,cb1_0.hora_fin,cb1_0.hora_inicio,cb1_0.pista_id,cb1_0.precio_total from court_bookings cb1_0 where cb1_0.pista_id=? and cb1_0.fecha=? and cb1_0.estado<>'CANCELADA' and cb1_0.hora_inicio<? and cb1_0.hora_fin>?
Hibernate: select cb1_0.id,cb1_0.cliente_id,cb1_0.creada_en,cb1_0.estado,cb1_0.fecha,cb1_0.hora_fin,cb1_0.hora_inicio,cb1_0.pista_id,cb1_0.precio_total from court_bookings cb1_0 where cb1_0.pista_id=? and cb1_0.fecha=? and cb1_0.estado<>'CANCELADA' and cb1_0.hora_inicio<? and cb1_0.hora_fin>?
Hibernate: select cb1_0.id,cb1_0.cliente_id,cb1_0.creada_en,cb1_0.estado,cb1_0.fecha,cb1_0.hora_fin,cb1_0.hora_inicio,cb1_0.pista_id,cb1_0.precio_total from court_bookings cb1_0 where cb1_0.pista_id=? and cb1_0.fecha=? and cb1_0.estado<>'CANCELADA' and cb1_0.hora_inicio<? and cb1_0.hora_fin>?
Hibernate: select cb1_0.id,cb1_0.cliente_id,cb1_0.creada_en,cb1_0.estado,cb1_0.fecha,cb1_0.hora_fin,cb1_0.hora_inicio,cb1_0.pista_id,cb1_0.precio_total from court_bookings cb1_0 where cb1_0.pista_id=? and cb1_0.fecha=? and cb1_0.estado<>'CANCELADA' and cb1_0.hora_inicio<? and cb1_0.hora_fin>?
Hibernate: select cb1_0.id,cb1_0.cliente_id,cb1_0.creada_en,cb1_0.estado,cb1_0.fecha,cb1_0.hora_fin,cb1_0.hora_inicio,cb1_0.pista_id,cb1_0.precio_total from court_bookings cb1_0 where cb1_0.pista_id=? and cb1_0.fecha=? and cb1_0.estado<>'CANCELADA' and cb1_0.hora_inicio<? and cb1_0.hora_fin>?
Hibernate: select cb1_0.id,cb1_0.cliente_id,cb1_0.creada_en,cb1_0.estado,cb1_0.fecha,cb1_0.hora_fin,cb1_0.hora_inicio,cb1_0.pista_id,cb1_0.precio_total from court_bookings cb1_0 where cb1_0.pista_id=? and cb1_0.fecha=? and cb1_0.estado<>'CANCELADA' and cb1_0.hora_inicio<? and cb1_0.hora_fin>?
Hibernate: select cb1_0.id,cb1_0.cliente_id,cb1_0.creada_en,cb1_0.estado,cb1_0.fecha,cb1_0.hora_fin,cb1_0.hora_inicio,cb1_0.pista_id,cb1_0.precio_total from court_bookings cb1_0 where cb1_0.pista_id=? and cb1_0.fecha=? and cb1_0.estado<>'CANCELADA' and cb1_0.hora_inicio<? and cb1_0.hora_fin>?
Hibernate: select cb1_0.id,cb1_0.cliente_id,cb1_0.creada_en,cb1_0.estado,cb1_0.fecha,cb1_0.hora_fin,cb1_0.hora_inicio,cb1_0.pista_id,cb1_0.precio_total from court_bookings cb1_0 where cb1_0.pista_id=? and cb1_0.fecha=? and cb1_0.estado<>'CANCELADA' and cb1_0.hora_inicio<? and cb1_0.hora_fin>?
Hibernate: select cb1_0.id,cb1_0.cliente_id,cb1_0.creada_en,cb1_0.estado,cb1_0.fecha,cb1_0.hora_fin,cb1_0.hora_inicio,cb1_0.pista_id,cb1_0.precio_total from court_bookings cb1_0 where cb1_0.pista_id=? and cb1_0.fecha=? and cb1_0.estado<>'CANCELADA' and cb1_0.hora_inicio<? and cb1_0.hora_fin>?
Hibernate: select cb1_0.id,cb1_0.cliente_id,cb1_0.creada_en,cb1_0.estado,cb1_0.fecha,cb1_0.hora_fin,cb1_0.hora_inicio,cb1_0.pista_id,cb1_0.precio_total from court_bookings cb1_0 where cb1_0.pista_id=? and cb1_0.fecha=? and cb1_0.estado<>'CANCELADA' and cb1_0.hora_inicio<? and cb1_0.hora_fin>?
Hibernate: select cb1_0.id,cb1_0.cliente_id,cb1_0.creada_en,cb1_0.estado,cb1_0.fecha,cb1_0.hora_fin,cb1_0.hora_inicio,cb1_0.pista_id,cb1_0.precio_total from court_bookings cb1_0 where cb1_0.pista_id=? and cb1_0.fecha=? and cb1_0.estado<>'CANCELADA' and cb1_0.hora_inicio<? and cb1_0.hora_fin>?
Hibernate: select cb1_0.id,cb1_0.cliente_id,cb1_0.creada_en,cb1_0.estado,cb1_0.fecha,cb1_0.hora_fin,cb1_0.hora_inicio,cb1_0.pista_id,cb1_0.precio_total from court_bookings cb1_0 where cb1_0.pista_id=? and cb1_0.fecha=? and cb1_0.estado<>'CANCELADA' and cb1_0.hora_inicio<? and cb1_0.hora_fin>?
Hibernate: select cb1_0.id,cb1_0.cliente_id,cb1_0.creada_en,cb1_0.estado,cb1_0.fecha,cb1_0.hora_fin,cb1_0.hora_inicio,cb1_0.pista_id,cb1_0.precio_total from court_bookings cb1_0 where cb1_0.pista_id=? and cb1_0.fecha=? and cb1_0.estado<>'CANCELADA' and cb1_0.hora_inicio<? and cb1_0.hora_fin>?
Hibernate: select u1_0.id,u1_0.bloqueado,u1_0.cancelaciones,u1_0.creado_en,u1_0.email,u1_0.nombre,u1_0.password,u1_0.rol from users u1_0 where u1_0.id=?
Hibernate: select cb1_0.id,cb1_0.cliente_id,cb1_0.creada_en,cb1_0.estado,cb1_0.fecha,cb1_0.hora_fin,cb1_0.hora_inicio,cb1_0.pista_id,cb1_0.precio_total from court_bookings cb1_0 where cb1_0.pista_id=? and cb1_0.fecha=? and cb1_0.estado<>'CANCELADA' and cb1_0.hora_inicio<? and cb1_0.hora_fin>?
Hibernate: select cb1_0.id,cb1_0.cliente_id,cb1_0.creada_en,cb1_0.estado,cb1_0.fecha,cb1_0.hora_fin,cb1_0.hora_inicio,cb1_0.pista_id,cb1_0.precio_total from court_bookings cb1_0 where cb1_0.pista_id=? and cb1_0.fecha=? and cb1_0.estado<>'CANCELADA' and cb1_0.hora_inicio<? and cb1_0.hora_fin>?
Hibernate: select cb1_0.id,cb1_0.cliente_id,cb1_0.creada_en,cb1_0.estado,cb1_0.fecha,cb1_0.hora_fin,cb1_0.hora_inicio,cb1_0.pista_id,cb1_0.precio_total from court_bookings cb1_0 where cb1_0.pista_id=? and cb1_0.fecha=? and cb1_0.estado<>'CANCELADA' and cb1_0.hora_inicio<? and cb1_0.hora_fin>?
Hibernate: select cb1_0.id,cb1_0.cliente_id,cb1_0.creada_en,cb1_0.estado,cb1_0.fecha,cb1_0.hora_fin,cb1_0.hora_inicio,cb1_0.pista_id,cb1_0.precio_total from court_bookings cb1_0 where cb1_0.pista_id=? and cb1_0.fecha=? and cb1_0.estado<>'CANCELADA' and cb1_0.hora_inicio<? and cb1_0.hora_fin>?
Hibernate: select cb1_0.id,cb1_0.cliente_id,cb1_0.creada_en,cb1_0.estado,cb1_0.fecha,cb1_0.hora_fin,cb1_0.hora_inicio,cb1_0.pista_id,cb1_0.precio_total from court_bookings cb1_0 where cb1_0.pista_id=? and cb1_0.fecha=? and cb1_0.estado<>'CANCELADA' and cb1_0.hora_inicio<? and cb1_0.hora_fin>?
Hibernate: select cb1_0.id,cb1_0.cliente_id,cb1_0.creada_en,cb1_0.estado,cb1_0.fecha,cb1_0.hora_fin,cb1_0.hora_inicio,cb1_0.pista_id,cb1_0.precio_total from court_bookings cb1_0 where cb1_0.pista_id=? and cb1_0.fecha=? and cb1_0.estado<>'CANCELADA' and cb1_0.hora_inicio<? and cb1_0.hora_fin>?
Hibernate: select cb1_0.id,cb1_0.cliente_id,cb1_0.creada_en,cb1_0.estado,cb1_0.fecha,cb1_0.hora_fin,cb1_0.hora_inicio,cb1_0.pista_id,cb1_0.precio_total from court_bookings cb1_0 where cb1_0.pista_id=? and cb1_0.fecha=? and cb1_0.estado<>'CANCELADA' and cb1_0.hora_inicio<? and cb1_0.hora_fin>?
Hibernate: select cb1_0.id,cb1_0.cliente_id,cb1_0.creada_en,cb1_0.estado,cb1_0.fecha,cb1_0.hora_fin,cb1_0.hora_inicio,cb1_0.pista_id,cb1_0.precio_total from court_bookings cb1_0 where cb1_0.pista_id=? and cb1_0.fecha=? and cb1_0.estado<>'CANCELADA' and cb1_0.hora_inicio<? and cb1_0.hora_fin>?
Hibernate: select cb1_0.id,cb1_0.cliente_id,cb1_0.creada_en,cb1_0.estado,cb1_0.fecha,cb1_0.hora_fin,cb1_0.hora_inicio,cb1_0.pista_id,cb1_0.precio_total from court_bookings cb1_0 where cb1_0.pista_id=? and cb1_0.fecha=? and cb1_0.estado<>'CANCELADA' and cb1_0.hora_inicio<? and cb1_0.hora_fin>?
Hibernate: select cb1_0.id,cb1_0.cliente_id,cb1_0.creada_en,cb1_0.estado,cb1_0.fecha,cb1_0.hora_fin,cb1_0.hora_inicio,cb1_0.pista_id,cb1_0.precio_total from court_bookings cb1_0 where cb1_0.pista_id=? and cb1_0.fecha=? and cb1_0.estado<>'CANCELADA' and cb1_0.hora_inicio<? and cb1_0.hora_fin>?
Hibernate: select cb1_0.id,cb1_0.cliente_id,cb1_0.creada_en,cb1_0.estado,cb1_0.fecha,cb1_0.hora_fin,cb1_0.hora_inicio,cb1_0.pista_id,cb1_0.precio_total from court_bookings cb1_0 where cb1_0.pista_id=? and cb1_0.fecha=? and cb1_0.estado<>'CANCELADA' and cb1_0.hora_inicio<? and cb1_0.hora_fin>?
Hibernate: select cb1_0.id,cb1_0.cliente_id,cb1_0.creada_en,cb1_0.estado,cb1_0.fecha,cb1_0.hora_fin,cb1_0.hora_inicio,cb1_0.pista_id,cb1_0.precio_total from court_bookings cb1_0 where cb1_0.pista_id=? and cb1_0.fecha=? and cb1_0.estado<>'CANCELADA' and cb1_0.hora_inicio<? and cb1_0.hora_fin>?
Hibernate: select cb1_0.id,cb1_0.cliente_id,cb1_0.creada_en,cb1_0.estado,cb1_0.fecha,cb1_0.hora_fin,cb1_0.hora_inicio,cb1_0.pista_id,cb1_0.precio_total from court_bookings cb1_0 where cb1_0.pista_id=? and cb1_0.fecha=? and cb1_0.estado<>'CANCELADA' and cb1_0.hora_inicio<? and cb1_0.hora_fin>?
Hibernate: select cb1_0.id,cb1_0.cliente_id,cb1_0.creada_en,cb1_0.estado,cb1_0.fecha,cb1_0.hora_fin,cb1_0.hora_inicio,cb1_0.pista_id,cb1_0.precio_total from court_bookings cb1_0 where cb1_0.pista_id=? and cb1_0.fecha=? and cb1_0.estado<>'CANCELADA' and cb1_0.hora_inicio<? and cb1_0.hora_fin>?
Hibernate: select cb1_0.id,cb1_0.cliente_id,cb1_0.creada_en,cb1_0.estado,cb1_0.fecha,cb1_0.hora_fin,cb1_0.hora_inicio,cb1_0.pista_id,cb1_0.precio_total from court_bookings cb1_0 where cb1_0.pista_id=? and cb1_0.fecha=? and cb1_0.estado<>'CANCELADA' and cb1_0.hora_inicio<? and cb1_0.hora_fin>?
Hibernate: select cb1_0.id,cb1_0.cliente_id,cb1_0.creada_en,cb1_0.estado,cb1_0.fecha,cb1_0.hora_fin,cb1_0.hora_inicio,cb1_0.pista_id,cb1_0.precio_total from court_bookings cb1_0 where cb1_0.pista_id=? and cb1_0.fecha=? and cb1_0.estado<>'CANCELADA' and cb1_0.hora_inicio<? and cb1_0.hora_fin>?
Hibernate: select cb1_0.id,cb1_0.cliente_id,cb1_0.creada_en,cb1_0.estado,cb1_0.fecha,cb1_0.hora_fin,cb1_0.hora_inicio,cb1_0.pista_id,cb1_0.precio_total from court_bookings cb1_0 where cb1_0.pista_id=? and cb1_0.fecha=? and cb1_0.estado<>'CANCELADA' and cb1_0.hora_inicio<? and cb1_0.hora_fin>?
Hibernate: select cb1_0.id,cb1_0.cliente_id,cb1_0.creada_en,cb1_0.estado,cb1_0.fecha,cb1_0.hora_fin,cb1_0.hora_inicio,cb1_0.pista_id,cb1_0.precio_total from court_bookings cb1_0 where cb1_0.pista_id=? and cb1_0.fecha=? and cb1_0.estado<>'CANCELADA' and cb1_0.hora_inicio<? and cb1_0.hora_fin>?
Hibernate: select cb1_0.id,cb1_0.cliente_id,cb1_0.creada_en,cb1_0.estado,cb1_0.fecha,cb1_0.hora_fin,cb1_0.hora_inicio,cb1_0.pista_id,cb1_0.precio_total from court_bookings cb1_0 where cb1_0.pista_id=? and cb1_0.fecha=? and cb1_0.estado<>'CANCELADA' and cb1_0.hora_inicio<? and cb1_0.hora_fin>?
Hibernate: select cb1_0.id,cb1_0.cliente_id,cb1_0.creada_en,cb1_0.estado,cb1_0.fecha,cb1_0.hora_fin,cb1_0.hora_inicio,cb1_0.pista_id,cb1_0.precio_total from court_bookings cb1_0 where cb1_0.pista_id=? and cb1_0.fecha=? and cb1_0.estado<>'CANCELADA' and cb1_0.hora_inicio<? and cb1_0.hora_fin>?
Hibernate: select cb1_0.id,cb1_0.cliente_id,cb1_0.creada_en,cb1_0.estado,cb1_0.fecha,cb1_0.hora_fin,cb1_0.hora_inicio,cb1_0.pista_id,cb1_0.precio_total from court_bookings cb1_0 where cb1_0.pista_id=? and cb1_0.fecha=? and cb1_0.estado<>'CANCELADA' and cb1_0.hora_inicio<? and cb1_0.hora_fin>?
Hibernate: select cb1_0.id,cb1_0.cliente_id,cb1_0.creada_en,cb1_0.estado,cb1_0.fecha,cb1_0.hora_fin,cb1_0.hora_inicio,cb1_0.pista_id,cb1_0.precio_total from court_bookings cb1_0 where cb1_0.pista_id=? and cb1_0.fecha=? and cb1_0.estado<>'CANCELADA' and cb1_0.hora_inicio<? and cb1_0.hora_fin>?
Hibernate: select cb1_0.id,cb1_0.cliente_id,cb1_0.creada_en,cb1_0.estado,cb1_0.fecha,cb1_0.hora_fin,cb1_0.hora_inicio,cb1_0.pista_id,cb1_0.precio_total from court_bookings cb1_0 where cb1_0.pista_id=? and cb1_0.fecha=? and cb1_0.estado<>'CANCELADA' and cb1_0.hora_inicio<? and cb1_0.hora_fin>?
Hibernate: select cb1_0.id,cb1_0.cliente_id,cb1_0.creada_en,cb1_0.estado,cb1_0.fecha,cb1_0.hora_fin,cb1_0.hora_inicio,cb1_0.pista_id,cb1_0.precio_total from court_bookings cb1_0 where cb1_0.pista_id=? and cb1_0.fecha=? and cb1_0.estado<>'CANCELADA' and cb1_0.hora_inicio<? and cb1_0.hora_fin>?
Hibernate: select cb1_0.id,cb1_0.cliente_id,cb1_0.creada_en,cb1_0.estado,cb1_0.fecha,cb1_0.hora_fin,cb1_0.hora_inicio,cb1_0.pista_id,cb1_0.precio_total from court_bookings cb1_0 where cb1_0.pista_id=? and cb1_0.fecha=? and cb1_0.estado<>'CANCELADA' and cb1_0.hora_inicio<? and cb1_0.hora_fin>?
Hibernate: select cb1_0.id,cb1_0.cliente_id,cb1_0.creada_en,cb1_0.estado,cb1_0.fecha,cb1_0.hora_fin,cb1_0.hora_inicio,cb1_0.pista_id,cb1_0.precio_total from court_bookings cb1_0 where cb1_0.pista_id=? and cb1_0.fecha=? and cb1_0.estado<>'CANCELADA' and cb1_0.hora_inicio<? and cb1_0.hora_fin>?
Hibernate: select cb1_0.id,cb1_0.cliente_id,cb1_0.creada_en,cb1_0.estado,cb1_0.fecha,cb1_0.hora_fin,cb1_0.hora_inicio,cb1_0.pista_id,cb1_0.precio_total from court_bookings cb1_0 where cb1_0.pista_id=? and cb1_0.fecha=? and cb1_0.estado<>'CANCELADA' and cb1_0.hora_inicio<? and cb1_0.hora_fin>?
Hibernate: select cb1_0.id,cb1_0.cliente_id,cb1_0.creada_en,cb1_0.estado,cb1_0.fecha,cb1_0.hora_fin,cb1_0.hora_inicio,cb1_0.pista_id,cb1_0.precio_total from court_bookings cb1_0 where cb1_0.pista_id=? and cb1_0.fecha=? and cb1_0.estado<>'CANCELADA' and cb1_0.hora_inicio<? and cb1_0.hora_fin>?
Hibernate: select cb1_0.id,cb1_0.cliente_id,cb1_0.creada_en,cb1_0.estado,cb1_0.fecha,cb1_0.hora_fin,cb1_0.hora_inicio,cb1_0.pista_id,cb1_0.precio_total from court_bookings cb1_0 where cb1_0.pista_id=? and cb1_0.fecha=? and cb1_0.estado<>'CANCELADA' and cb1_0.hora_inicio<? and cb1_0.hora_fin>?
Hibernate: select cb1_0.id,cb1_0.cliente_id,cb1_0.creada_en,cb1_0.estado,cb1_0.fecha,cb1_0.hora_fin,cb1_0.hora_inicio,cb1_0.pista_id,cb1_0.precio_total from court_bookings cb1_0 where cb1_0.pista_id=? and cb1_0.fecha=? and cb1_0.estado<>'CANCELADA' and cb1_0.hora_inicio<? and cb1_0.hora_fin>?
Hibernate: select cb1_0.id,cb1_0.cliente_id,cb1_0.creada_en,cb1_0.estado,cb1_0.fecha,cb1_0.hora_fin,cb1_0.hora_inicio,cb1_0.pista_id,cb1_0.precio_total from court_bookings cb1_0 where cb1_0.pista_id=? and cb1_0.fecha=? and cb1_0.estado<>'CANCELADA' and cb1_0.hora_inicio<? and cb1_0.hora_fin>?
Hibernate: select cb1_0.id,cb1_0.cliente_id,cb1_0.creada_en,cb1_0.estado,cb1_0.fecha,cb1_0.hora_fin,cb1_0.hora_inicio,cb1_0.pista_id,cb1_0.precio_total from court_bookings cb1_0 where cb1_0.pista_id=? and cb1_0.fecha=? and cb1_0.estado<>'CANCELADA' and cb1_0.hora_inicio<? and cb1_0.hora_fin>?
Hibernate: select cb1_0.id,cb1_0.cliente_id,cb1_0.creada_en,cb1_0.estado,cb1_0.fecha,cb1_0.hora_fin,cb1_0.hora_inicio,cb1_0.pista_id,cb1_0.precio_total from court_bookings cb1_0 where cb1_0.pista_id=? and cb1_0.fecha=? and cb1_0.estado<>'CANCELADA' and cb1_0.hora_inicio<? and cb1_0.hora_fin>?
Hibernate: select cb1_0.id,cb1_0.cliente_id,cb1_0.creada_en,cb1_0.estado,cb1_0.fecha,cb1_0.hora_fin,cb1_0.hora_inicio,cb1_0.pista_id,cb1_0.precio_total from court_bookings cb1_0 where cb1_0.pista_id=? and cb1_0.fecha=? and cb1_0.estado<>'CANCELADA' and cb1_0.hora_inicio<? and cb1_0.hora_fin>?
Hibernate: select cb1_0.id,cb1_0.cliente_id,cb1_0.creada_en,cb1_0.estado,cb1_0.fecha,cb1_0.hora_fin,cb1_0.hora_inicio,cb1_0.pista_id,cb1_0.precio_total from court_bookings cb1_0 where cb1_0.pista_id=? and cb1_0.fecha=? and cb1_0.estado<>'CANCELADA' and cb1_0.hora_inicio<? and cb1_0.hora_fin>?
Hibernate: select c1_0.id,c1_0.estado,c1_0.nombre,c1_0.precio_por_hora,c1_0.tipo from courts c1_0 where c1_0.tipo=? and c1_0.estado=?
Hibernate: select cb1_0.pista_id,cb1_0.id,cb1_0.cliente_id,c1_0.id,c1_0.bloqueado,c1_0.cancelaciones,c1_0.creado_en,c1_0.email,c1_0.nombre,c1_0.password,c1_0.rol,cb1_0.creada_en,cb1_0.estado,cb1_0.fecha,cb1_0.hora_fin,cb1_0.hora_inicio,cb1_0.precio_total from court_bookings cb1_0 left join users c1_0 on c1_0.id=cb1_0.cliente_id where cb1_0.pista_id=?
Hibernate: select c1_0.id,c1_0.estado,c1_0.nombre,c1_0.precio_por_hora,c1_0.tipo from courts c1_0 where c1_0.estado=?
Hibernate: select cb1_0.pista_id,cb1_0.id,cb1_0.cliente_id,c1_0.id,c1_0.bloqueado,c1_0.cancelaciones,c1_0.creado_en,c1_0.email,c1_0.nombre,c1_0.password,c1_0.rol,cb1_0.creada_en,cb1_0.estado,cb1_0.fecha,cb1_0.hora_fin,cb1_0.hora_inicio,cb1_0.precio_total from court_bookings cb1_0 left join users c1_0 on c1_0.id=cb1_0.cliente_id where cb1_0.pista_id=?
Hibernate: select cb1_0.pista_id,cb1_0.id,cb1_0.cliente_id,c1_0.id,c1_0.bloqueado,c1_0.cancelaciones,c1_0.creado_en,c1_0.email,c1_0.nombre,c1_0.password,c1_0.rol,cb1_0.creada_en,cb1_0.estado,cb1_0.fecha,cb1_0.hora_fin,cb1_0.hora_inicio,cb1_0.precio_total from court_bookings cb1_0 left join users c1_0 on c1_0.id=cb1_0.cliente_id where cb1_0.pista_id=?
Hibernate: select cb1_0.pista_id,cb1_0.id,cb1_0.cliente_id,c1_0.id,c1_0.bloqueado,c1_0.cancelaciones,c1_0.creado_en,c1_0.email,c1_0.nombre,c1_0.password,c1_0.rol,cb1_0.creada_en,cb1_0.estado,cb1_0.fecha,cb1_0.hora_fin,cb1_0.hora_inicio,cb1_0.precio_total from court_bookings cb1_0 left join users c1_0 on c1_0.id=cb1_0.cliente_id where cb1_0.pista_id=?
Hibernate: select c1_0.id,c1_0.estado,c1_0.nombre,c1_0.precio_por_hora,c1_0.tipo from courts c1_0 where c1_0.tipo=? and c1_0.estado=?
Hibernate: select cb1_0.pista_id,cb1_0.id,cb1_0.cliente_id,c1_0.id,c1_0.bloqueado,c1_0.cancelaciones,c1_0.creado_en,c1_0.email,c1_0.nombre,c1_0.password,c1_0.rol,cb1_0.creada_en,cb1_0.estado,cb1_0.fecha,cb1_0.hora_fin,cb1_0.hora_inicio,cb1_0.precio_total from court_bookings cb1_0 left join users c1_0 on c1_0.id=cb1_0.cliente_id where cb1_0.pista_id=?
]]></system-out>
  <system-err><![CDATA[Mockito is currently self-attaching to enable the inline-mock-maker. This will no longer work in future releases of the JDK. Please add Mockito as an agent to your build as described in Mockito's documentation: https://javadoc.io/doc/org.mockito/mockito-core/latest/org.mockito/org/mockito/Mockito.html#0.3
WARNING: A Java agent has been loaded dynamically (/home/ibai/.gradle/caches/modules-2/files-2.1/net.bytebuddy/byte-buddy-agent/1.17.8/f09415827a71be7ed621c7bd02550678f28bc81c/byte-buddy-agent-1.17.8.jar)
WARNING: If a serviceability tool is in use, please run with -XX:+EnableDynamicAgentLoading to hide this warning
WARNING: If a serviceability tool is not in use, please run with -Djdk.instrument.traceUsage for more information
WARNING: Dynamic loading of agents will be disallowed by default in a future release
]]></system-err>
</testsuite>
